2022.12.13 12:13:19 INFO  tracing is disabled for protocol LSP, to enable tracing of incoming and outgoing JSON messages create an empty file at /home/simonlewis/GitHub/FPCoinFlipGame/.metals/lsp.trace.json or /home/simonlewis/.cache/metals/lsp.trace.json
2022.12.13 12:13:20 INFO  logging to file /home/simonlewis/GitHub/FPCoinFlipGame/.metals/metals.log
2022.12.13 12:13:20 INFO  Started: Metals version 0.11.9 in workspace '/home/simonlewis/GitHub/FPCoinFlipGame' for client Visual Studio Code 1.74.0.
2022.12.13 12:13:21 INFO  time: initialize in 1.34s
2022.12.13 12:13:23 WARN  Build server is not auto-connectable.
2022.12.13 12:13:23 WARN  no build target for: /home/simonlewis/GitHub/FPCoinFlipGame/src/main/scala/com/alvinalexander/coinflip/v1/CoinFlip.scala
2022.12.13 12:13:26 INFO  no build target found for /home/simonlewis/GitHub/FPCoinFlipGame/src/main/scala/com/alvinalexander/coinflip/v1/CoinFlip.scala. Using presentation compiler with project's scala-library version: 3.2.0
2022.12.13 12:13:26 INFO  running '/usr/lib/jvm/java-11-openjdk-amd64/bin/java -Djline.terminal=jline.UnsupportedTerminal -Dsbt.log.noformat=true -Dfile.encoding=UTF-8 -Dsbt.version=1.7.1 -jar /tmp/metals1795643996242223203/sbt-launch.jar -Dbloop.export-jar-classifiers=sources bloopInstall'
2022.12.13 12:13:26 WARN  no build target for: /home/simonlewis/GitHub/FPCoinFlipGame/project/metals.sbt
2022.12.13 12:13:26 WARN  no build target for: /home/simonlewis/GitHub/FPCoinFlipGame/project/project/metals.sbt
2022.12.13 12:13:26 INFO  skipping build import with status 'Started'
2022.12.13 12:13:28 INFO  time: code lens generation in 4.18s
2022.12.13 12:13:28 INFO  time: code lens generation in 1.77s
2022.12.13 12:13:29 INFO  [info] Updated file /home/simonlewis/GitHub/FPCoinFlipGame/project/build.properties: set sbt.version to 1.7.1
2022.12.13 12:13:29 INFO  [info] welcome to sbt 1.7.1 (Ubuntu Java 11.0.17)
2022.12.13 12:13:30 INFO  [info] loading global plugins from /home/simonlewis/.sbt/1.0/plugins
2022.12.13 12:13:35 INFO  [info] loading settings for project fpcoinflipgame-build-build from metals.sbt ...
2022.12.13 12:13:35 INFO  [info] loading project definition from /home/simonlewis/GitHub/FPCoinFlipGame/project/project
2022.12.13 12:13:35 INFO  [info] loading settings for project fpcoinflipgame-build from metals.sbt ...
2022.12.13 12:13:36 INFO  [info] loading project definition from /home/simonlewis/GitHub/FPCoinFlipGame/project
2022.12.13 12:13:38 INFO  [success] Generated .bloop/fpcoinflipgame-build.json
2022.12.13 12:13:38 INFO  [success] Total time: 2 s, completed 13 Dec 2022, 12:13:38
2022.12.13 12:13:40 INFO  [info] loading settings for project fpcoinflipgame from build.sbt ...
2022.12.13 12:13:40 INFO  [info] set current project to FPCoinFlip (in build file:/home/simonlewis/GitHub/FPCoinFlipGame/)
2022.12.13 12:14:04 INFO  [success] Generated .bloop/fpcoinflipgame.json
2022.12.13 12:14:04 INFO  [success] Generated .bloop/fpcoinflipgame-test.json
2022.12.13 12:14:04 INFO  [success] Total time: 25 s, completed 13 Dec 2022, 12:14:04
2022.12.13 12:14:05 INFO  time: ran 'sbt bloopInstall' in 38s
2022.12.13 12:14:05 INFO  Attempting to connect to the build server...
2022.12.13 12:14:05 INFO  Bloop uses /usr/lib/jvm/java-11-openjdk-amd64 defined at /home/simonlewis/.bloop/bloop.json
2022.12.13 12:14:05 INFO  tracing is disabled for protocol BSP, to enable tracing of incoming and outgoing JSON messages create an empty file at /home/simonlewis/GitHub/FPCoinFlipGame/.metals/bsp.trace.json or /home/simonlewis/.cache/metals/bsp.trace.json
2022.12.13 12:14:07 INFO  Attempting to connect to the build server...
2022.12.13 12:14:07 INFO  Bloop uses /usr/lib/jvm/java-11-openjdk-amd64 defined at /home/simonlewis/.bloop/bloop.json
2022.12.13 12:14:07 INFO  tracing is disabled for protocol BSP, to enable tracing of incoming and outgoing JSON messages create an empty file at /home/simonlewis/GitHub/FPCoinFlipGame/project/.metals/bsp.trace.json or /home/simonlewis/.cache/metals/bsp.trace.json
2022.12.13 12:14:07 INFO  time: Connected to build server in 2.29s
2022.12.13 12:14:07 INFO  Connected to Build server: Bloop v1.5.4
2022.12.13 12:14:12 ERROR Failed to fetch mtags for 2.12.2
Error downloading org.scalameta:mtags_2.12.2:0.11.9
  not found: /home/simonlewis/.ivy2/local/org.scalameta/mtags_2.12.2/0.11.9/ivys/ivy.xml
  not found: https://repo1.maven.org/maven2/org/scalameta/mtags_2.12.2/0.11.9/mtags_2.12.2-0.11.9.pom
  not found: https://oss.sonatype.org/content/repositories/public/org/scalameta/mtags_2.12.2/0.11.9/mtags_2.12.2-0.11.9.pom
  not found: https://oss.sonatype.org/content/repositories/snapshots/org/scalameta/mtags_2.12.2/0.11.9/mtags_2.12.2-0.11.9.pom
2022.12.13 12:14:14 ERROR Failed to fetch mtags for 2.12.2
Error downloading org.scalameta:mtags_2.12.2:0.11.9
  not found: /home/simonlewis/.ivy2/local/org.scalameta/mtags_2.12.2/0.11.9/ivys/ivy.xml
  not found: https://repo1.maven.org/maven2/org/scalameta/mtags_2.12.2/0.11.9/mtags_2.12.2-0.11.9.pom
  not found: https://oss.sonatype.org/content/repositories/public/org/scalameta/mtags_2.12.2/0.11.9/mtags_2.12.2-0.11.9.pom
  not found: https://oss.sonatype.org/content/repositories/snapshots/org/scalameta/mtags_2.12.2/0.11.9/mtags_2.12.2-0.11.9.pom
2022.12.13 12:14:14 WARN  unsupported Scala 2.12.2
2022.12.13 12:14:16 ERROR Failed to fetch mtags for 2.12.2
Error downloading org.scalameta:mtags_2.12.2:0.11.9
  not found: /home/simonlewis/.ivy2/local/org.scalameta/mtags_2.12.2/0.11.9/ivys/ivy.xml
  not found: https://repo1.maven.org/maven2/org/scalameta/mtags_2.12.2/0.11.9/mtags_2.12.2-0.11.9.pom
  not found: https://oss.sonatype.org/content/repositories/public/org/scalameta/mtags_2.12.2/0.11.9/mtags_2.12.2-0.11.9.pom
  not found: https://oss.sonatype.org/content/repositories/snapshots/org/scalameta/mtags_2.12.2/0.11.9/mtags_2.12.2-0.11.9.pom
2022.12.13 12:14:16 INFO  No mtags for 2.12.2.
2022.12.13 12:14:16 INFO  No mtags for 2.12.2.
2022.12.13 12:14:18 WARN  Could not find java sources in /usr/lib/jvm/src.zip, /usr/lib/jvm/lib/src.zip, /usr/lib/jvm/java-11-openjdk-amd64/src.zip, /usr/lib/jvm/java-11-openjdk-amd64/lib/src.zip. Java symbols will not be available.
2022.12.13 12:14:20 WARN  Could not find java sources in /usr/lib/jvm/src.zip, /usr/lib/jvm/lib/src.zip, /usr/lib/jvm/java-11-openjdk-amd64/src.zip, /usr/lib/jvm/java-11-openjdk-amd64/lib/src.zip. Java symbols will not be available.
2022.12.13 12:14:20 WARN  Could not find java sources in /usr/lib/jvm/src.zip, /usr/lib/jvm/lib/src.zip, /usr/lib/jvm/java-11-openjdk-amd64/src.zip, /usr/lib/jvm/java-11-openjdk-amd64/lib/src.zip. Java symbols will not be available.
2022.12.13 12:14:20 INFO  time: indexed workspace in 12s
2022.12.13 12:14:20 INFO  No mtags for 2.12.2.
2022.12.13 12:14:20 WARN  unsupported Scala 2.12.2
2022.12.13 12:14:20 INFO  compiling fpcoinflipgame (2 scala sources)
2022.12.13 12:14:38 INFO  No mtags for 2.12.2.
2022.12.13 12:14:38 WARN  unsupported Scala 2.12.2
2022.12.13 12:14:38 INFO  time: compiled fpcoinflipgame in 18s
2022.12.13 12:14:38 INFO  No mtags for 2.12.2.
2022.12.13 12:14:38 WARN  unsupported Scala 2.12.2
2022.12.13 12:14:40 INFO  No mtags for 2.12.2.
2022.12.13 12:14:40 WARN  unsupported Scala 2.12.2
2022.12.13 12:14:40 INFO  No mtags for 2.12.2.
2022.12.13 12:14:40 WARN  unsupported Scala 2.12.2
2022.12.13 12:14:57 INFO  No mtags for 2.12.2.
2022.12.13 12:14:57 WARN  unsupported Scala 2.12.2
2022.12.13 12:16:56 INFO  No mtags for 2.12.2.
2022.12.13 12:16:56 WARN  unsupported Scala 2.12.2
2022.12.13 12:18:18 INFO  No mtags for 2.12.2.
2022.12.13 12:18:18 WARN  unsupported Scala 2.12.2
2022.12.13 12:18:20 INFO  No mtags for 2.12.2.
2022.12.13 12:18:20 WARN  unsupported Scala 2.12.2
2022.12.13 12:18:23 INFO  No mtags for 2.12.2.
2022.12.13 12:18:23 WARN  unsupported Scala 2.12.2
2022.12.13 12:18:26 INFO  time: code lens generation in 2.45s
2022.12.13 12:18:41 INFO  No mtags for 2.12.2.
2022.12.13 12:18:41 WARN  unsupported Scala 2.12.2
2022.12.13 12:18:42 INFO  No mtags for 2.12.2.
2022.12.13 12:18:42 WARN  unsupported Scala 2.12.2
2022.12.13 12:18:42 INFO  No mtags for 2.12.2.
2022.12.13 12:18:42 WARN  unsupported Scala 2.12.2
2022.12.13 12:18:42 INFO  No mtags for 2.12.2.
2022.12.13 12:18:42 WARN  unsupported Scala 2.12.2
2022.12.13 12:20:16 ERROR Failed to fetch mtags for 2.12.2
Error downloading org.scalameta:mtags_2.12.2:0.11.9
  not found: /home/simonlewis/.ivy2/local/org.scalameta/mtags_2.12.2/0.11.9/ivys/ivy.xml
  not found: https://repo1.maven.org/maven2/org/scalameta/mtags_2.12.2/0.11.9/mtags_2.12.2-0.11.9.pom
  not found: https://oss.sonatype.org/content/repositories/public/org/scalameta/mtags_2.12.2/0.11.9/mtags_2.12.2-0.11.9.pom
  not found: https://oss.sonatype.org/content/repositories/snapshots/org/scalameta/mtags_2.12.2/0.11.9/mtags_2.12.2-0.11.9.pom
2022.12.13 12:20:16 WARN  unsupported Scala 2.12.2
Dec 13, 2022 12:20:16 PM org.eclipse.lsp4j.jsonrpc.RemoteEndpoint handleCancellation
WARNING: Unmatched cancel notification for request id 58
2022.12.13 12:20:21 INFO  No mtags for 2.12.2.
2022.12.13 12:20:21 WARN  unsupported Scala 2.12.2
2022.12.13 12:20:24 INFO  No mtags for 2.12.2.
2022.12.13 12:20:24 WARN  unsupported Scala 2.12.2
2022.12.13 12:20:24 INFO  No mtags for 2.12.2.
2022.12.13 12:20:24 WARN  unsupported Scala 2.12.2
2022.12.13 12:20:25 INFO  No mtags for 2.12.2.
2022.12.13 12:20:25 WARN  unsupported Scala 2.12.2
2022.12.13 12:20:28 INFO  No mtags for 2.12.2.
2022.12.13 12:20:28 WARN  unsupported Scala 2.12.2
2022.12.13 12:20:28 INFO  No mtags for 2.12.2.
2022.12.13 12:20:28 WARN  unsupported Scala 2.12.2
2022.12.13 12:20:31 INFO  No mtags for 2.12.2.
2022.12.13 12:20:31 WARN  unsupported Scala 2.12.2
2022.12.13 12:20:41 INFO  compiling fpcoinflipgame (1 scala source)
2022.12.13 12:20:41 INFO  time: compiled fpcoinflipgame in 0.2s
2022.12.13 12:20:43 INFO  No mtags for 2.12.2.
2022.12.13 12:20:43 WARN  unsupported Scala 2.12.2
2022.12.13 12:20:43 INFO  No mtags for 2.12.2.
2022.12.13 12:20:43 WARN  unsupported Scala 2.12.2
2022.12.13 12:20:44 INFO  No mtags for 2.12.2.
2022.12.13 12:20:44 WARN  unsupported Scala 2.12.2
Dec 13, 2022 12:22:46 PM scala.meta.internal.pc.CompilerAccess handleError
SEVERE: file%3A%2F%2F%2Fhome%2Fsimonlewis%2FGitHub%2FFPCoinFlipGame%2Fbuild.sbt:16: error: ; expected but double constant found
      "org.typelevel"   %% "cats-effect"  % 3.2.0 % Test
                                               ^
file%3A%2F%2F%2Fhome%2Fsimonlewis%2FGitHub%2FFPCoinFlipGame%2Fbuild.sbt:16: error: ; expected but double constant found
      "org.typelevel"   %% "cats-effect"  % 3.2.0 % Test
                                               ^
	at scala.meta.internal.parsers.Reporter.syntaxError(Reporter.scala:16)
	at scala.meta.internal.parsers.Reporter.syntaxError$(Reporter.scala:16)
	at scala.meta.internal.parsers.Reporter$$anon$1.syntaxError(Reporter.scala:22)
	at scala.meta.internal.parsers.Reporter.syntaxError(Reporter.scala:17)
	at scala.meta.internal.parsers.Reporter.syntaxError$(Reporter.scala:17)
	at scala.meta.internal.parsers.Reporter$$anon$1.syntaxError(Reporter.scala:22)
	at scala.meta.internal.parsers.ScalametaParser.syntaxErrorExpected(ScalametaParser.scala:372)
	at scala.meta.internal.parsers.ScalametaParser.accept(ScalametaParser.scala:376)
	at scala.meta.internal.parsers.ScalametaParser.acceptStatSep(ScalametaParser.scala:387)
	at scala.meta.internal.parsers.ScalametaParser.acceptStatSepOpt(ScalametaParser.scala:391)
	at scala.meta.internal.parsers.ScalametaParser.statSeqBuf(ScalametaParser.scala:4222)
	at scala.meta.internal.parsers.ScalametaParser.$anonfun$batchSource$14(ScalametaParser.scala:4437)
	at scala.Option.getOrElse(Option.scala:189)
	at scala.meta.internal.parsers.ScalametaParser.$anonfun$batchSource$1(ScalametaParser.scala:4437)
	at scala.meta.internal.parsers.ScalametaParser.atPos(ScalametaParser.scala:316)
	at scala.meta.internal.parsers.ScalametaParser.autoPos(ScalametaParser.scala:357)
	at scala.meta.internal.parsers.ScalametaParser.batchSource(ScalametaParser.scala:4392)
	at scala.meta.internal.parsers.ScalametaParser.$anonfun$source$1(ScalametaParser.scala:4385)
	at scala.meta.internal.parsers.ScalametaParser.atPos(ScalametaParser.scala:316)
	at scala.meta.internal.parsers.ScalametaParser.autoPos(ScalametaParser.scala:357)
	at scala.meta.internal.parsers.ScalametaParser.source(ScalametaParser.scala:4385)
	at scala.meta.internal.parsers.ScalametaParser.entrypointSource(ScalametaParser.scala:4390)
	at scala.meta.internal.parsers.ScalametaParser.parseSourceImpl(ScalametaParser.scala:132)
	at scala.meta.internal.parsers.ScalametaParser.$anonfun$parseSource$1(ScalametaParser.scala:129)
	at scala.meta.internal.parsers.ScalametaParser.parseRuleAfterBOF(ScalametaParser.scala:56)
	at scala.meta.internal.parsers.ScalametaParser.parseRule(ScalametaParser.scala:51)
	at scala.meta.internal.parsers.ScalametaParser.parseSource(ScalametaParser.scala:129)
	at scala.meta.parsers.Parse$.$anonfun$parseSource$1(Parse.scala:29)
	at scala.meta.parsers.Parse$$anon$1.apply(Parse.scala:36)
	at scala.meta.parsers.Api$XtensionParseDialectInput.parse(Api.scala:25)
	at scala.meta.internal.semanticdb.scalac.ParseOps$XtensionCompilationUnitSource.toSource(ParseOps.scala:17)
	at scala.meta.internal.semanticdb.scalac.TextDocumentOps$XtensionCompilationUnitDocument.toTextDocument(TextDocumentOps.scala:203)
	at scala.meta.internal.pc.SemanticdbTextDocumentProvider.textDocument(SemanticdbTextDocumentProvider.scala:54)

2022.12.13 12:23:01 INFO  skipping build import with status 'Dismissed'
Dec 13, 2022 12:23:01 PM scala.meta.internal.pc.CompilerAccess handleError
SEVERE: file%3A%2F%2F%2Fhome%2Fsimonlewis%2FGitHub%2FFPCoinFlipGame%2Fbuild.sbt:16: error: ; expected but double constant found
      "org.typelevel"   %% "cats-effect"  % 3.2.0 
                                               ^
file%3A%2F%2F%2Fhome%2Fsimonlewis%2FGitHub%2FFPCoinFlipGame%2Fbuild.sbt:16: error: ; expected but double constant found
      "org.typelevel"   %% "cats-effect"  % 3.2.0 
                                               ^
	at scala.meta.internal.parsers.Reporter.syntaxError(Reporter.scala:16)
	at scala.meta.internal.parsers.Reporter.syntaxError$(Reporter.scala:16)
	at scala.meta.internal.parsers.Reporter$$anon$1.syntaxError(Reporter.scala:22)
	at scala.meta.internal.parsers.Reporter.syntaxError(Reporter.scala:17)
	at scala.meta.internal.parsers.Reporter.syntaxError$(Reporter.scala:17)
	at scala.meta.internal.parsers.Reporter$$anon$1.syntaxError(Reporter.scala:22)
	at scala.meta.internal.parsers.ScalametaParser.syntaxErrorExpected(ScalametaParser.scala:372)
	at scala.meta.internal.parsers.ScalametaParser.accept(ScalametaParser.scala:376)
	at scala.meta.internal.parsers.ScalametaParser.acceptStatSep(ScalametaParser.scala:387)
	at scala.meta.internal.parsers.ScalametaParser.acceptStatSepOpt(ScalametaParser.scala:391)
	at scala.meta.internal.parsers.ScalametaParser.statSeqBuf(ScalametaParser.scala:4222)
	at scala.meta.internal.parsers.ScalametaParser.$anonfun$batchSource$14(ScalametaParser.scala:4437)
	at scala.Option.getOrElse(Option.scala:189)
	at scala.meta.internal.parsers.ScalametaParser.$anonfun$batchSource$1(ScalametaParser.scala:4437)
	at scala.meta.internal.parsers.ScalametaParser.atPos(ScalametaParser.scala:316)
	at scala.meta.internal.parsers.ScalametaParser.autoPos(ScalametaParser.scala:357)
	at scala.meta.internal.parsers.ScalametaParser.batchSource(ScalametaParser.scala:4392)
	at scala.meta.internal.parsers.ScalametaParser.$anonfun$source$1(ScalametaParser.scala:4385)
	at scala.meta.internal.parsers.ScalametaParser.atPos(ScalametaParser.scala:316)
	at scala.meta.internal.parsers.ScalametaParser.autoPos(ScalametaParser.scala:357)
	at scala.meta.internal.parsers.ScalametaParser.source(ScalametaParser.scala:4385)
	at scala.meta.internal.parsers.ScalametaParser.entrypointSource(ScalametaParser.scala:4390)
	at scala.meta.internal.parsers.ScalametaParser.parseSourceImpl(ScalametaParser.scala:132)
	at scala.meta.internal.parsers.ScalametaParser.$anonfun$parseSource$1(ScalametaParser.scala:129)
	at scala.meta.internal.parsers.ScalametaParser.parseRuleAfterBOF(ScalametaParser.scala:56)
	at scala.meta.internal.parsers.ScalametaParser.parseRule(ScalametaParser.scala:51)
	at scala.meta.internal.parsers.ScalametaParser.parseSource(ScalametaParser.scala:129)
	at scala.meta.parsers.Parse$.$anonfun$parseSource$1(Parse.scala:29)
	at scala.meta.parsers.Parse$$anon$1.apply(Parse.scala:36)
	at scala.meta.parsers.Api$XtensionParseDialectInput.parse(Api.scala:25)
	at scala.meta.internal.semanticdb.scalac.ParseOps$XtensionCompilationUnitSource.toSource(ParseOps.scala:17)
	at scala.meta.internal.semanticdb.scalac.TextDocumentOps$XtensionCompilationUnitDocument.toTextDocument(TextDocumentOps.scala:203)
	at scala.meta.internal.pc.SemanticdbTextDocumentProvider.textDocument(SemanticdbTextDocumentProvider.scala:54)

2022.12.13 12:23:27 INFO  skipping build import with status 'Dismissed'
Dec 13, 2022 12:23:27 PM scala.meta.internal.pc.CompilerAccess handleError
SEVERE: file%3A%2F%2F%2Fhome%2Fsimonlewis%2FGitHub%2FFPCoinFlipGame%2Fbuild.sbt:16: error: ; expected but double constant found
      "org.typelevel"   %% "cats-effect"  % 3.2.0 
                                               ^
file%3A%2F%2F%2Fhome%2Fsimonlewis%2FGitHub%2FFPCoinFlipGame%2Fbuild.sbt:16: error: ; expected but double constant found
      "org.typelevel"   %% "cats-effect"  % 3.2.0 
                                               ^
	at scala.meta.internal.parsers.Reporter.syntaxError(Reporter.scala:16)
	at scala.meta.internal.parsers.Reporter.syntaxError$(Reporter.scala:16)
	at scala.meta.internal.parsers.Reporter$$anon$1.syntaxError(Reporter.scala:22)
	at scala.meta.internal.parsers.Reporter.syntaxError(Reporter.scala:17)
	at scala.meta.internal.parsers.Reporter.syntaxError$(Reporter.scala:17)
	at scala.meta.internal.parsers.Reporter$$anon$1.syntaxError(Reporter.scala:22)
	at scala.meta.internal.parsers.ScalametaParser.syntaxErrorExpected(ScalametaParser.scala:372)
	at scala.meta.internal.parsers.ScalametaParser.accept(ScalametaParser.scala:376)
	at scala.meta.internal.parsers.ScalametaParser.acceptStatSep(ScalametaParser.scala:387)
	at scala.meta.internal.parsers.ScalametaParser.acceptStatSepOpt(ScalametaParser.scala:391)
	at scala.meta.internal.parsers.ScalametaParser.statSeqBuf(ScalametaParser.scala:4222)
	at scala.meta.internal.parsers.ScalametaParser.$anonfun$batchSource$14(ScalametaParser.scala:4437)
	at scala.Option.getOrElse(Option.scala:189)
	at scala.meta.internal.parsers.ScalametaParser.$anonfun$batchSource$1(ScalametaParser.scala:4437)
	at scala.meta.internal.parsers.ScalametaParser.atPos(ScalametaParser.scala:316)
	at scala.meta.internal.parsers.ScalametaParser.autoPos(ScalametaParser.scala:357)
	at scala.meta.internal.parsers.ScalametaParser.batchSource(ScalametaParser.scala:4392)
	at scala.meta.internal.parsers.ScalametaParser.$anonfun$source$1(ScalametaParser.scala:4385)
	at scala.meta.internal.parsers.ScalametaParser.atPos(ScalametaParser.scala:316)
	at scala.meta.internal.parsers.ScalametaParser.autoPos(ScalametaParser.scala:357)
	at scala.meta.internal.parsers.ScalametaParser.source(ScalametaParser.scala:4385)
	at scala.meta.internal.parsers.ScalametaParser.entrypointSource(ScalametaParser.scala:4390)
	at scala.meta.internal.parsers.ScalametaParser.parseSourceImpl(ScalametaParser.scala:132)
	at scala.meta.internal.parsers.ScalametaParser.$anonfun$parseSource$1(ScalametaParser.scala:129)
	at scala.meta.internal.parsers.ScalametaParser.parseRuleAfterBOF(ScalametaParser.scala:56)
	at scala.meta.internal.parsers.ScalametaParser.parseRule(ScalametaParser.scala:51)
	at scala.meta.internal.parsers.ScalametaParser.parseSource(ScalametaParser.scala:129)
	at scala.meta.parsers.Parse$.$anonfun$parseSource$1(Parse.scala:29)
	at scala.meta.parsers.Parse$$anon$1.apply(Parse.scala:36)
	at scala.meta.parsers.Api$XtensionParseDialectInput.parse(Api.scala:25)
	at scala.meta.internal.semanticdb.scalac.ParseOps$XtensionCompilationUnitSource.toSource(ParseOps.scala:17)
	at scala.meta.internal.semanticdb.scalac.TextDocumentOps$XtensionCompilationUnitDocument.toTextDocument(TextDocumentOps.scala:203)
	at scala.meta.internal.pc.SemanticdbTextDocumentProvider.textDocument(SemanticdbTextDocumentProvider.scala:54)

2022.12.13 12:23:48 INFO  skipping build import with status 'Dismissed'
2022.12.13 12:23:59 INFO  skipping build import with status 'Dismissed'
2022.12.13 12:24:06 INFO  running '/usr/lib/jvm/java-11-openjdk-amd64/bin/java -Djline.terminal=jline.UnsupportedTerminal -Dsbt.log.noformat=true -Dfile.encoding=UTF-8 -jar /tmp/metals13123895860447373037/sbt-launch.jar -Dbloop.export-jar-classifiers=sources bloopInstall'
2022.12.13 12:24:07 INFO  [info] welcome to sbt 1.7.1 (Ubuntu Java 11.0.17)
2022.12.13 12:24:09 INFO  [info] loading global plugins from /home/simonlewis/.sbt/1.0/plugins
2022.12.13 12:24:10 INFO  [info] loading settings for project fpcoinflipgame-build-build from metals.sbt ...
2022.12.13 12:24:10 INFO  [info] loading project definition from /home/simonlewis/GitHub/FPCoinFlipGame/project/project
2022.12.13 12:24:10 INFO  [info] loading settings for project fpcoinflipgame-build from metals.sbt ...
2022.12.13 12:24:10 INFO  [info] loading project definition from /home/simonlewis/GitHub/FPCoinFlipGame/project
2022.12.13 12:24:12 INFO  [success] Generated .bloop/fpcoinflipgame-build.json
2022.12.13 12:24:12 INFO  [success] Total time: 2 s, completed 13 Dec 2022, 12:24:12
2022.12.13 12:24:14 INFO  [info] loading settings for project fpcoinflipgame from build.sbt ...
2022.12.13 12:24:14 INFO  [info] set current project to FPCoinFlip (in build file:/home/simonlewis/GitHub/FPCoinFlipGame/)
2022.12.13 12:24:29 INFO  [success] Generated .bloop/fpcoinflipgame.json
2022.12.13 12:24:29 INFO  [success] Generated .bloop/fpcoinflipgame-test.json
2022.12.13 12:24:29 INFO  [success] Total time: 15 s, completed 13 Dec 2022, 12:24:29
2022.12.13 12:24:29 INFO  time: ran 'sbt bloopInstall' in 23s
2022.12.13 12:24:29 INFO  Disconnecting from Bloop session...
2022.12.13 12:24:29 INFO  Shut down connection with build server.
2022.12.13 12:24:29 INFO  Shut down connection with build server.
2022.12.13 12:24:29 INFO  Attempting to connect to the build server...
2022.12.13 12:24:29 INFO  Bloop uses /usr/lib/jvm/java-11-openjdk-amd64 defined at /home/simonlewis/.bloop/bloop.json
2022.12.13 12:24:31 INFO  tracing is disabled for protocol BSP, to enable tracing of incoming and outgoing JSON messages create an empty file at /home/simonlewis/GitHub/FPCoinFlipGame/.metals/bsp.trace.json or /home/simonlewis/.cache/metals/bsp.trace.json
2022.12.13 12:24:31 INFO  Attempting to connect to the build server...
2022.12.13 12:24:31 INFO  Bloop uses /usr/lib/jvm/java-11-openjdk-amd64 defined at /home/simonlewis/.bloop/bloop.json
2022.12.13 12:24:31 INFO  tracing is disabled for protocol BSP, to enable tracing of incoming and outgoing JSON messages create an empty file at /home/simonlewis/GitHub/FPCoinFlipGame/project/.metals/bsp.trace.json or /home/simonlewis/.cache/metals/bsp.trace.json
2022.12.13 12:24:31 INFO  time: Connected to build server in 1.91s
2022.12.13 12:24:31 INFO  Connected to Build server: Bloop v1.5.4
2022.12.13 12:24:31 INFO  No mtags for 2.12.2.
2022.12.13 12:24:31 INFO  No mtags for 2.12.2.
2022.12.13 12:24:31 INFO  No mtags for 2.12.2.
2022.12.13 12:24:31 INFO  No mtags for 2.12.2.
2022.12.13 12:24:33 WARN  Could not find java sources in /usr/lib/jvm/src.zip, /usr/lib/jvm/lib/src.zip, /usr/lib/jvm/java-11-openjdk-amd64/src.zip, /usr/lib/jvm/java-11-openjdk-amd64/lib/src.zip. Java symbols will not be available.
2022.12.13 12:24:33 WARN  Could not find java sources in /usr/lib/jvm/src.zip, /usr/lib/jvm/lib/src.zip, /usr/lib/jvm/java-11-openjdk-amd64/src.zip, /usr/lib/jvm/java-11-openjdk-amd64/lib/src.zip. Java symbols will not be available.
2022.12.13 12:24:33 WARN  Could not find java sources in /usr/lib/jvm/src.zip, /usr/lib/jvm/lib/src.zip, /usr/lib/jvm/java-11-openjdk-amd64/src.zip, /usr/lib/jvm/java-11-openjdk-amd64/lib/src.zip. Java symbols will not be available.
2022.12.13 12:24:33 INFO  time: indexed workspace in 2.06s
2022.12.13 12:24:33 INFO  No mtags for 2.12.2.
2022.12.13 12:24:33 WARN  unsupported Scala 2.12.2
2022.12.13 12:24:34 INFO  compiling fpcoinflipgame (2 scala sources)
2022.12.13 12:24:35 INFO  time: compiled fpcoinflipgame in 1.57s
2022.12.13 12:24:35 INFO  time: code lens generation in 1.65s
2022.12.13 12:24:38 INFO  No mtags for 2.12.2.
2022.12.13 12:24:38 WARN  unsupported Scala 2.12.2
2022.12.13 12:24:38 INFO  No mtags for 2.12.2.
2022.12.13 12:24:38 WARN  unsupported Scala 2.12.2
2022.12.13 12:24:38 INFO  No mtags for 2.12.2.
2022.12.13 12:24:38 WARN  unsupported Scala 2.12.2
2022.12.13 12:24:38 INFO  No mtags for 2.12.2.
2022.12.13 12:24:38 WARN  unsupported Scala 2.12.2
2022.12.13 12:24:39 INFO  No mtags for 2.12.2.
2022.12.13 12:24:39 WARN  unsupported Scala 2.12.2
2022.12.13 12:24:39 INFO  No mtags for 2.12.2.
2022.12.13 12:24:39 WARN  unsupported Scala 2.12.2
2022.12.13 12:24:39 INFO  No mtags for 2.12.2.
2022.12.13 12:24:39 WARN  unsupported Scala 2.12.2
2022.12.13 12:24:45 INFO  No mtags for 2.12.2.
2022.12.13 12:24:45 WARN  unsupported Scala 2.12.2
2022.12.13 12:24:45 INFO  No mtags for 2.12.2.
2022.12.13 12:24:45 WARN  unsupported Scala 2.12.2
2022.12.13 12:24:45 INFO  No mtags for 2.12.2.
2022.12.13 12:24:45 WARN  unsupported Scala 2.12.2
2022.12.13 12:24:46 INFO  No mtags for 2.12.2.
2022.12.13 12:24:46 WARN  unsupported Scala 2.12.2
2022.12.13 12:24:52 INFO  No mtags for 2.12.2.
2022.12.13 12:24:52 WARN  unsupported Scala 2.12.2
2022.12.13 12:24:54 INFO  No mtags for 2.12.2.
2022.12.13 12:24:54 WARN  unsupported Scala 2.12.2
2022.12.13 12:25:00 INFO  compiling fpcoinflipgame (2 scala sources)
2022.12.13 12:25:01 INFO  time: compiled fpcoinflipgame in 1.02s
2022.12.13 13:14:58 ERROR Failed to fetch mtags for 2.12.2
Error downloading org.scalameta:mtags_2.12.2:0.11.9
  not found: /home/simonlewis/.ivy2/local/org.scalameta/mtags_2.12.2/0.11.9/ivys/ivy.xml
  not found: https://repo1.maven.org/maven2/org/scalameta/mtags_2.12.2/0.11.9/mtags_2.12.2-0.11.9.pom
  not found: https://oss.sonatype.org/content/repositories/public/org/scalameta/mtags_2.12.2/0.11.9/mtags_2.12.2-0.11.9.pom
  not found: https://oss.sonatype.org/content/repositories/snapshots/org/scalameta/mtags_2.12.2/0.11.9/mtags_2.12.2-0.11.9.pom
2022.12.13 13:14:58 WARN  unsupported Scala 2.12.2
2022.12.13 13:14:58 INFO  No mtags for 2.12.2.
2022.12.13 13:14:58 WARN  unsupported Scala 2.12.2
2022.12.13 13:14:59 INFO  No mtags for 2.12.2.
2022.12.13 13:14:59 WARN  unsupported Scala 2.12.2
2022.12.13 13:14:59 INFO  No mtags for 2.12.2.
2022.12.13 13:14:59 WARN  unsupported Scala 2.12.2
2022.12.13 13:14:59 INFO  No mtags for 2.12.2.
2022.12.13 13:14:59 WARN  unsupported Scala 2.12.2
2022.12.13 13:15:00 INFO  No mtags for 2.12.2.
2022.12.13 13:15:00 WARN  unsupported Scala 2.12.2
2022.12.13 13:15:02 INFO  No mtags for 2.12.2.
2022.12.13 13:15:02 WARN  unsupported Scala 2.12.2
2022.12.13 13:15:02 INFO  No mtags for 2.12.2.
2022.12.13 13:15:02 WARN  unsupported Scala 2.12.2
2022.12.13 13:15:06 INFO  No mtags for 2.12.2.
2022.12.13 13:15:06 WARN  unsupported Scala 2.12.2
2022.12.13 13:15:10 INFO  No mtags for 2.12.2.
2022.12.13 13:15:10 WARN  unsupported Scala 2.12.2
2022.12.13 13:15:13 INFO  compiling fpcoinflipgame (1 scala source)
2022.12.13 13:15:13 INFO  time: compiled fpcoinflipgame in 0.75s
2022.12.13 13:15:13 INFO  compiling fpcoinflipgame (1 scala source)
2022.12.13 13:15:13 INFO  time: compiled fpcoinflipgame in 0.2s
2022.12.13 13:15:32 INFO  No mtags for 2.12.2.
2022.12.13 13:15:32 WARN  unsupported Scala 2.12.2
2022.12.13 13:15:43 INFO  No mtags for 2.12.2.
2022.12.13 13:15:43 WARN  unsupported Scala 2.12.2
2022.12.13 13:16:05 INFO  No mtags for 2.12.2.
2022.12.13 13:16:05 WARN  unsupported Scala 2.12.2
2022.12.13 13:16:10 INFO  compiling fpcoinflipgame (2 scala sources)
2022.12.13 13:16:10 INFO  time: compiled fpcoinflipgame in 0.25s
2022.12.13 13:16:22 INFO  No mtags for 2.12.2.
2022.12.13 13:16:22 WARN  unsupported Scala 2.12.2
2022.12.13 13:16:27 INFO  compiling fpcoinflipgame (2 scala sources)
2022.12.13 13:16:27 INFO  time: compiled fpcoinflipgame in 0.28s
2022.12.13 13:16:29 INFO  No mtags for 2.12.2.
2022.12.13 13:16:29 WARN  unsupported Scala 2.12.2
2022.12.13 13:16:49 INFO  No mtags for 2.12.2.
2022.12.13 13:16:49 WARN  unsupported Scala 2.12.2
2022.12.13 13:16:49 INFO  No mtags for 2.12.2.
2022.12.13 13:16:49 WARN  unsupported Scala 2.12.2
2022.12.13 13:16:49 INFO  No mtags for 2.12.2.
2022.12.13 13:16:49 WARN  unsupported Scala 2.12.2
2022.12.13 13:16:52 INFO  No mtags for 2.12.2.
2022.12.13 13:16:52 WARN  unsupported Scala 2.12.2
2022.12.13 13:16:58 INFO  compiling fpcoinflipgame (2 scala sources)
2022.12.13 13:16:58 INFO  time: compiled fpcoinflipgame in 0.22s
2022.12.13 13:17:01 INFO  No mtags for 2.12.2.
2022.12.13 13:17:01 WARN  unsupported Scala 2.12.2
2022.12.13 13:17:01 INFO  No mtags for 2.12.2.
2022.12.13 13:17:01 WARN  unsupported Scala 2.12.2
2022.12.13 13:17:02 INFO  No mtags for 2.12.2.
2022.12.13 13:17:02 WARN  unsupported Scala 2.12.2
2022.12.13 13:17:09 INFO  No mtags for 2.12.2.
2022.12.13 13:17:09 WARN  unsupported Scala 2.12.2
2022.12.13 13:17:09 INFO  No mtags for 2.12.2.
2022.12.13 13:17:09 WARN  unsupported Scala 2.12.2
2022.12.13 13:17:09 INFO  No mtags for 2.12.2.
2022.12.13 13:17:09 WARN  unsupported Scala 2.12.2
2022.12.13 13:17:11 INFO  No mtags for 2.12.2.
2022.12.13 13:17:11 WARN  unsupported Scala 2.12.2
2022.12.13 13:17:19 INFO  No mtags for 2.12.2.
2022.12.13 13:17:19 WARN  unsupported Scala 2.12.2
2022.12.13 13:17:26 INFO  No mtags for 2.12.2.
2022.12.13 13:17:26 WARN  unsupported Scala 2.12.2
2022.12.13 13:17:28 INFO  compiling fpcoinflipgame (2 scala sources)
2022.12.13 13:17:28 INFO  time: compiled fpcoinflipgame in 0.21s
2022.12.13 13:17:33 INFO  compiling fpcoinflipgame (2 scala sources)
2022.12.13 13:17:33 INFO  time: compiled fpcoinflipgame in 0.2s
2022.12.13 13:17:38 INFO  No mtags for 2.12.2.
2022.12.13 13:17:38 WARN  unsupported Scala 2.12.2
2022.12.13 13:17:41 INFO  No mtags for 2.12.2.
2022.12.13 13:17:41 WARN  unsupported Scala 2.12.2
2022.12.13 13:17:47 INFO  No mtags for 2.12.2.
2022.12.13 13:17:47 WARN  unsupported Scala 2.12.2
2022.12.13 13:17:47 INFO  No mtags for 2.12.2.
2022.12.13 13:17:47 WARN  unsupported Scala 2.12.2
2022.12.13 13:17:52 INFO  No mtags for 2.12.2.
2022.12.13 13:17:52 WARN  unsupported Scala 2.12.2
2022.12.13 13:17:56 INFO  No mtags for 2.12.2.
2022.12.13 13:17:56 WARN  unsupported Scala 2.12.2
2022.12.13 13:17:56 INFO  No mtags for 2.12.2.
2022.12.13 13:17:56 WARN  unsupported Scala 2.12.2
2022.12.13 13:17:56 INFO  No mtags for 2.12.2.
2022.12.13 13:17:56 WARN  unsupported Scala 2.12.2
2022.12.13 13:18:10 INFO  No mtags for 2.12.2.
2022.12.13 13:18:10 WARN  unsupported Scala 2.12.2
2022.12.13 13:18:17 INFO  compiling fpcoinflipgame (2 scala sources)
2022.12.13 13:18:17 INFO  time: compiled fpcoinflipgame in 0.24s
2022.12.13 13:18:19 INFO  No mtags for 2.12.2.
2022.12.13 13:18:19 WARN  unsupported Scala 2.12.2
2022.12.13 13:18:42 INFO  No mtags for 2.12.2.
2022.12.13 13:18:42 WARN  unsupported Scala 2.12.2
2022.12.13 13:18:45 INFO  No mtags for 2.12.2.
2022.12.13 13:18:45 WARN  unsupported Scala 2.12.2
2022.12.13 13:18:45 INFO  No mtags for 2.12.2.
2022.12.13 13:18:45 WARN  unsupported Scala 2.12.2
2022.12.13 13:19:43 INFO  No mtags for 2.12.2.
2022.12.13 13:19:43 WARN  unsupported Scala 2.12.2
2022.12.13 13:19:50 INFO  No mtags for 2.12.2.
2022.12.13 13:19:50 WARN  unsupported Scala 2.12.2
2022.12.13 13:19:50 INFO  No mtags for 2.12.2.
2022.12.13 13:19:50 WARN  unsupported Scala 2.12.2
2022.12.13 13:19:53 INFO  No mtags for 2.12.2.
2022.12.13 13:19:53 WARN  unsupported Scala 2.12.2
2022.12.13 13:19:57 INFO  compiling fpcoinflipgame (2 scala sources)
2022.12.13 13:19:57 INFO  time: compiled fpcoinflipgame in 0.21s
2022.12.13 13:20:17 ERROR Failed to fetch mtags for 2.12.2
Error downloading org.scalameta:mtags_2.12.2:0.11.9
  not found: /home/simonlewis/.ivy2/local/org.scalameta/mtags_2.12.2/0.11.9/ivys/ivy.xml
  not found: https://repo1.maven.org/maven2/org/scalameta/mtags_2.12.2/0.11.9/mtags_2.12.2-0.11.9.pom
  not found: https://oss.sonatype.org/content/repositories/public/org/scalameta/mtags_2.12.2/0.11.9/mtags_2.12.2-0.11.9.pom
  not found: https://oss.sonatype.org/content/repositories/snapshots/org/scalameta/mtags_2.12.2/0.11.9/mtags_2.12.2-0.11.9.pom
2022.12.13 13:20:17 WARN  unsupported Scala 2.12.2
Dec 13, 2022 1:20:17 PM org.eclipse.lsp4j.jsonrpc.RemoteEndpoint handleCancellation
WARNING: Unmatched cancel notification for request id 543
Dec 13, 2022 1:20:17 PM org.eclipse.lsp4j.jsonrpc.RemoteEndpoint handleCancellation
WARNING: Unmatched cancel notification for request id 545
Dec 13, 2022 1:20:17 PM org.eclipse.lsp4j.jsonrpc.RemoteEndpoint handleCancellation
WARNING: Unmatched cancel notification for request id 547
Dec 13, 2022 1:20:17 PM org.eclipse.lsp4j.jsonrpc.RemoteEndpoint handleCancellation
WARNING: Unmatched cancel notification for request id 548
Dec 13, 2022 1:20:17 PM org.eclipse.lsp4j.jsonrpc.RemoteEndpoint handleCancellation
WARNING: Unmatched cancel notification for request id 551
Dec 13, 2022 1:20:17 PM org.eclipse.lsp4j.jsonrpc.RemoteEndpoint handleCancellation
WARNING: Unmatched cancel notification for request id 549
Dec 13, 2022 1:20:18 PM org.eclipse.lsp4j.jsonrpc.RemoteEndpoint handleCancellation
WARNING: Unmatched cancel notification for request id 550
Dec 13, 2022 1:20:18 PM org.eclipse.lsp4j.jsonrpc.RemoteEndpoint handleCancellation
WARNING: Unmatched cancel notification for request id 552
2022.12.13 13:20:41 INFO  compiling fpcoinflipgame (2 scala sources)
2022.12.13 13:20:41 INFO  time: compiled fpcoinflipgame in 0.23s
2022.12.13 13:21:01 INFO  No mtags for 2.12.2.
2022.12.13 13:21:01 WARN  unsupported Scala 2.12.2
2022.12.13 13:21:20 INFO  No mtags for 2.12.2.
2022.12.13 13:21:20 WARN  unsupported Scala 2.12.2
2022.12.13 13:21:25 INFO  No mtags for 2.12.2.
2022.12.13 13:21:25 WARN  unsupported Scala 2.12.2
2022.12.13 13:21:25 INFO  No mtags for 2.12.2.
2022.12.13 13:21:25 WARN  unsupported Scala 2.12.2
2022.12.13 13:21:27 INFO  No mtags for 2.12.2.
2022.12.13 13:21:27 WARN  unsupported Scala 2.12.2
2022.12.13 13:21:29 INFO  No mtags for 2.12.2.
2022.12.13 13:21:29 WARN  unsupported Scala 2.12.2
2022.12.13 13:21:29 INFO  No mtags for 2.12.2.
2022.12.13 13:21:29 WARN  unsupported Scala 2.12.2
2022.12.13 13:21:36 INFO  No mtags for 2.12.2.
2022.12.13 13:21:36 WARN  unsupported Scala 2.12.2
2022.12.13 13:21:38 INFO  compiling fpcoinflipgame (2 scala sources)
2022.12.13 13:21:38 INFO  time: compiled fpcoinflipgame in 0.23s
2022.12.13 13:21:40 INFO  No mtags for 2.12.2.
2022.12.13 13:21:40 WARN  unsupported Scala 2.12.2
2022.12.13 13:21:41 INFO  No mtags for 2.12.2.
2022.12.13 13:21:41 WARN  unsupported Scala 2.12.2
2022.12.13 13:21:41 INFO  No mtags for 2.12.2.
2022.12.13 13:21:41 WARN  unsupported Scala 2.12.2
2022.12.13 13:21:43 INFO  No mtags for 2.12.2.
2022.12.13 13:21:43 WARN  unsupported Scala 2.12.2
2022.12.13 13:21:46 INFO  No mtags for 2.12.2.
2022.12.13 13:21:46 WARN  unsupported Scala 2.12.2
2022.12.13 13:21:46 INFO  No mtags for 2.12.2.
2022.12.13 13:21:46 WARN  unsupported Scala 2.12.2
2022.12.13 13:21:49 INFO  No mtags for 2.12.2.
2022.12.13 13:21:49 WARN  unsupported Scala 2.12.2
2022.12.13 13:21:50 INFO  compiling fpcoinflipgame (2 scala sources)
2022.12.13 13:21:50 INFO  time: compiled fpcoinflipgame in 0.25s
2022.12.13 13:21:52 INFO  No mtags for 2.12.2.
2022.12.13 13:21:52 WARN  unsupported Scala 2.12.2
2022.12.13 13:21:54 INFO  No mtags for 2.12.2.
2022.12.13 13:21:54 WARN  unsupported Scala 2.12.2
2022.12.13 13:21:54 INFO  No mtags for 2.12.2.
2022.12.13 13:21:54 WARN  unsupported Scala 2.12.2
2022.12.13 13:21:54 INFO  No mtags for 2.12.2.
2022.12.13 13:21:54 WARN  unsupported Scala 2.12.2
2022.12.13 13:21:54 INFO  No mtags for 2.12.2.
2022.12.13 13:21:54 WARN  unsupported Scala 2.12.2
2022.12.13 13:21:57 INFO  No mtags for 2.12.2.
2022.12.13 13:21:57 WARN  unsupported Scala 2.12.2
2022.12.13 13:21:57 INFO  No mtags for 2.12.2.
2022.12.13 13:21:57 WARN  unsupported Scala 2.12.2
2022.12.13 13:22:01 INFO  No mtags for 2.12.2.
2022.12.13 13:22:01 WARN  unsupported Scala 2.12.2
2022.12.13 13:22:02 INFO  No mtags for 2.12.2.
2022.12.13 13:22:02 WARN  unsupported Scala 2.12.2
2022.12.13 13:22:16 INFO  compiling fpcoinflipgame (2 scala sources)
2022.12.13 13:22:16 INFO  time: compiled fpcoinflipgame in 0.19s
2022.12.13 13:22:27 INFO  No mtags for 2.12.2.
2022.12.13 13:22:27 WARN  unsupported Scala 2.12.2
2022.12.13 13:22:28 INFO  compiling fpcoinflipgame (2 scala sources)
2022.12.13 13:22:28 INFO  time: compiled fpcoinflipgame in 0.18s
2022.12.13 13:22:30 INFO  compiling fpcoinflipgame (2 scala sources)
2022.12.13 13:22:30 INFO  time: compiled fpcoinflipgame in 0.15s
2022.12.13 13:22:31 INFO  No mtags for 2.12.2.
2022.12.13 13:22:31 WARN  unsupported Scala 2.12.2
2022.12.13 13:22:41 INFO  No mtags for 2.12.2.
2022.12.13 13:22:41 WARN  unsupported Scala 2.12.2
2022.12.13 13:22:41 INFO  No mtags for 2.12.2.
2022.12.13 13:22:41 WARN  unsupported Scala 2.12.2
2022.12.13 13:22:41 INFO  No mtags for 2.12.2.
2022.12.13 13:22:41 WARN  unsupported Scala 2.12.2
2022.12.13 13:22:41 INFO  No mtags for 2.12.2.
2022.12.13 13:22:41 WARN  unsupported Scala 2.12.2
2022.12.13 13:22:45 INFO  No mtags for 2.12.2.
2022.12.13 13:22:45 WARN  unsupported Scala 2.12.2
2022.12.13 13:22:45 INFO  No mtags for 2.12.2.
2022.12.13 13:22:45 WARN  unsupported Scala 2.12.2
2022.12.13 13:22:48 INFO  No mtags for 2.12.2.
2022.12.13 13:22:48 WARN  unsupported Scala 2.12.2
2022.12.13 13:22:51 INFO  compiling fpcoinflipgame (2 scala sources)
2022.12.13 13:22:51 INFO  time: compiled fpcoinflipgame in 0.26s
2022.12.13 13:22:56 INFO  No mtags for 2.12.2.
2022.12.13 13:22:56 WARN  unsupported Scala 2.12.2
2022.12.13 13:22:56 INFO  No mtags for 2.12.2.
2022.12.13 13:22:56 WARN  unsupported Scala 2.12.2
2022.12.13 13:22:58 INFO  No mtags for 2.12.2.
2022.12.13 13:22:58 WARN  unsupported Scala 2.12.2
2022.12.13 13:23:14 INFO  No mtags for 2.12.2.
2022.12.13 13:23:14 WARN  unsupported Scala 2.12.2
2022.12.13 13:23:14 INFO  No mtags for 2.12.2.
2022.12.13 13:23:14 WARN  unsupported Scala 2.12.2
2022.12.13 13:23:32 INFO  No mtags for 2.12.2.
2022.12.13 13:23:32 WARN  unsupported Scala 2.12.2
2022.12.13 13:23:37 INFO  No mtags for 2.12.2.
2022.12.13 13:23:37 WARN  unsupported Scala 2.12.2
2022.12.13 13:23:42 INFO  No mtags for 2.12.2.
2022.12.13 13:23:42 WARN  unsupported Scala 2.12.2
2022.12.13 13:23:42 INFO  No mtags for 2.12.2.
2022.12.13 13:23:42 WARN  unsupported Scala 2.12.2
2022.12.13 13:23:42 INFO  No mtags for 2.12.2.
2022.12.13 13:23:42 WARN  unsupported Scala 2.12.2
2022.12.13 13:23:43 INFO  No mtags for 2.12.2.
2022.12.13 13:23:43 WARN  unsupported Scala 2.12.2
2022.12.13 13:23:46 INFO  No mtags for 2.12.2.
2022.12.13 13:23:46 WARN  unsupported Scala 2.12.2
2022.12.13 13:23:51 INFO  compiling fpcoinflipgame (2 scala sources)
2022.12.13 13:23:51 INFO  time: compiled fpcoinflipgame in 79ms
2022.12.13 13:23:57 INFO  No mtags for 2.12.2.
2022.12.13 13:23:57 WARN  unsupported Scala 2.12.2
2022.12.13 13:23:57 INFO  No mtags for 2.12.2.
2022.12.13 13:23:57 WARN  unsupported Scala 2.12.2
2022.12.13 13:23:57 INFO  No mtags for 2.12.2.
2022.12.13 13:23:57 WARN  unsupported Scala 2.12.2
2022.12.13 13:24:00 INFO  No mtags for 2.12.2.
2022.12.13 13:24:00 WARN  unsupported Scala 2.12.2
2022.12.13 13:24:00 INFO  No mtags for 2.12.2.
2022.12.13 13:24:00 WARN  unsupported Scala 2.12.2
2022.12.13 13:24:05 INFO  compiling fpcoinflipgame (2 scala sources)
2022.12.13 13:24:05 INFO  time: compiled fpcoinflipgame in 69ms
2022.12.13 13:24:07 INFO  No mtags for 2.12.2.
2022.12.13 13:24:07 WARN  unsupported Scala 2.12.2
Dec 13, 2022 1:24:08 PM org.eclipse.lsp4j.jsonrpc.RemoteEndpoint handleCancellation
WARNING: Unmatched cancel notification for request id 809
2022.12.13 13:24:09 INFO  compiling fpcoinflipgame (2 scala sources)
2022.12.13 13:24:09 INFO  time: compiled fpcoinflipgame in 76ms
2022.12.13 13:24:21 INFO  No mtags for 2.12.2.
2022.12.13 13:24:21 WARN  unsupported Scala 2.12.2
2022.12.13 13:24:37 INFO  No mtags for 2.12.2.
2022.12.13 13:24:37 WARN  unsupported Scala 2.12.2
2022.12.13 13:24:44 INFO  No mtags for 2.12.2.
2022.12.13 13:24:44 WARN  unsupported Scala 2.12.2
2022.12.13 13:24:44 INFO  No mtags for 2.12.2.
2022.12.13 13:24:44 WARN  unsupported Scala 2.12.2
2022.12.13 13:24:44 INFO  No mtags for 2.12.2.
2022.12.13 13:24:44 WARN  unsupported Scala 2.12.2
2022.12.13 13:24:47 INFO  No mtags for 2.12.2.
2022.12.13 13:24:47 WARN  unsupported Scala 2.12.2
2022.12.13 13:24:50 INFO  No mtags for 2.12.2.
2022.12.13 13:24:50 WARN  unsupported Scala 2.12.2
2022.12.13 13:25:03 INFO  No mtags for 2.12.2.
2022.12.13 13:25:03 WARN  unsupported Scala 2.12.2
2022.12.13 13:25:03 INFO  No mtags for 2.12.2.
2022.12.13 13:25:03 WARN  unsupported Scala 2.12.2
2022.12.13 13:25:03 INFO  No mtags for 2.12.2.
2022.12.13 13:25:03 WARN  unsupported Scala 2.12.2
2022.12.13 13:25:05 INFO  No mtags for 2.12.2.
2022.12.13 13:25:05 WARN  unsupported Scala 2.12.2
2022.12.13 13:25:09 INFO  file:///home/simonlewis/GitHub/FPCoinFlipGame/src/main/scala/com/alvinalexander/coinflip/v1/CoinFlip.scala:47:1: stale bloop error: '<-' expected but ';' found.
                    mainLoop(newGameState, random)
^
2022.12.13 13:25:09 INFO  file:///home/simonlewis/GitHub/FPCoinFlipGame/src/main/scala/com/alvinalexander/coinflip/v1/CoinFlip.scala:48:17: stale bloop error: '<-' expected but '}' found.
                }
                ^
2022.12.13 13:25:09 INFO  file:///home/simonlewis/GitHub/FPCoinFlipGame/src/main/scala/com/alvinalexander/coinflip/v1/CoinFlip.scala:49:17: stale bloop error: illegal start of simple expression
                case _   => {
                ^
2022.12.13 13:25:09 INFO  file:///home/simonlewis/GitHub/FPCoinFlipGame/src/main/scala/com/alvinalexander/coinflip/v1/CoinFlip.scala:47:1: stale bloop error: '<-' expected but ';' found.
                    mainLoop(newGameState, random)
^
2022.12.13 13:25:09 INFO  file:///home/simonlewis/GitHub/FPCoinFlipGame/src/main/scala/com/alvinalexander/coinflip/v1/CoinFlip.scala:48:17: stale bloop error: '<-' expected but '}' found.
                }
                ^
2022.12.13 13:25:09 INFO  file:///home/simonlewis/GitHub/FPCoinFlipGame/src/main/scala/com/alvinalexander/coinflip/v1/CoinFlip.scala:49:17: stale bloop error: illegal start of simple expression
                case _   => {
                ^
2022.12.13 13:25:12 INFO  compiling fpcoinflipgame (2 scala sources)
2022.12.13 13:25:12 INFO  time: compiled fpcoinflipgame in 57ms
2022.12.13 13:25:16 INFO  No mtags for 2.12.2.
2022.12.13 13:25:16 WARN  unsupported Scala 2.12.2
2022.12.13 13:25:16 INFO  No mtags for 2.12.2.
2022.12.13 13:25:16 WARN  unsupported Scala 2.12.2
2022.12.13 13:25:16 INFO  No mtags for 2.12.2.
2022.12.13 13:25:16 WARN  unsupported Scala 2.12.2
2022.12.13 13:25:16 INFO  No mtags for 2.12.2.
2022.12.13 13:25:16 WARN  unsupported Scala 2.12.2
2022.12.13 13:25:17 INFO  No mtags for 2.12.2.
2022.12.13 13:25:17 WARN  unsupported Scala 2.12.2
2022.12.13 13:25:25 ERROR Failed to fetch mtags for 2.12.2
Error downloading org.scalameta:mtags_2.12.2:0.11.9
  not found: /home/simonlewis/.ivy2/local/org.scalameta/mtags_2.12.2/0.11.9/ivys/ivy.xml
  not found: https://repo1.maven.org/maven2/org/scalameta/mtags_2.12.2/0.11.9/mtags_2.12.2-0.11.9.pom
  not found: https://oss.sonatype.org/content/repositories/public/org/scalameta/mtags_2.12.2/0.11.9/mtags_2.12.2-0.11.9.pom
  not found: https://oss.sonatype.org/content/repositories/snapshots/org/scalameta/mtags_2.12.2/0.11.9/mtags_2.12.2-0.11.9.pom
2022.12.13 13:25:25 WARN  unsupported Scala 2.12.2
2022.12.13 13:25:32 INFO  No mtags for 2.12.2.
2022.12.13 13:25:32 WARN  unsupported Scala 2.12.2
2022.12.13 13:25:33 INFO  No mtags for 2.12.2.
2022.12.13 13:25:33 WARN  unsupported Scala 2.12.2
2022.12.13 13:25:33 INFO  No mtags for 2.12.2.
2022.12.13 13:25:33 WARN  unsupported Scala 2.12.2
2022.12.13 13:25:33 INFO  No mtags for 2.12.2.
2022.12.13 13:25:33 WARN  unsupported Scala 2.12.2
2022.12.13 13:25:33 INFO  No mtags for 2.12.2.
2022.12.13 13:25:33 WARN  unsupported Scala 2.12.2
2022.12.13 13:25:35 INFO  No mtags for 2.12.2.
2022.12.13 13:25:35 WARN  unsupported Scala 2.12.2
2022.12.13 13:25:36 INFO  file:///home/simonlewis/GitHub/FPCoinFlipGame/src/main/scala/com/alvinalexander/coinflip/v1/CoinFlip.scala:48:17: stale bloop error: '<-' expected but '}' found.
                }
                ^
2022.12.13 13:25:36 INFO  file:///home/simonlewis/GitHub/FPCoinFlipGame/src/main/scala/com/alvinalexander/coinflip/v1/CoinFlip.scala:49:17: stale bloop error: illegal start of simple expression
                case _   => {
                ^
2022.12.13 13:25:36 INFO  file:///home/simonlewis/GitHub/FPCoinFlipGame/src/main/scala/com/alvinalexander/coinflip/v1/CoinFlip.scala:48:17: stale bloop error: '<-' expected but '}' found.
                }
                ^
2022.12.13 13:25:36 INFO  file:///home/simonlewis/GitHub/FPCoinFlipGame/src/main/scala/com/alvinalexander/coinflip/v1/CoinFlip.scala:49:17: stale bloop error: illegal start of simple expression
                case _   => {
                ^
2022.12.13 13:25:41 INFO  No mtags for 2.12.2.
2022.12.13 13:25:41 WARN  unsupported Scala 2.12.2
2022.12.13 13:25:42 INFO  No mtags for 2.12.2.
2022.12.13 13:25:42 WARN  unsupported Scala 2.12.2
2022.12.13 13:25:44 INFO  compiling fpcoinflipgame (2 scala sources)
2022.12.13 13:25:44 INFO  time: compiled fpcoinflipgame in 0.24s
2022.12.13 13:25:47 INFO  No mtags for 2.12.2.
2022.12.13 13:25:47 WARN  unsupported Scala 2.12.2
2022.12.13 13:26:11 INFO  No mtags for 2.12.2.
2022.12.13 13:26:11 WARN  unsupported Scala 2.12.2
2022.12.13 13:26:13 INFO  No mtags for 2.12.2.
2022.12.13 13:26:13 WARN  unsupported Scala 2.12.2
2022.12.13 13:26:13 INFO  No mtags for 2.12.2.
2022.12.13 13:26:13 WARN  unsupported Scala 2.12.2
2022.12.13 13:26:22 INFO  compiling fpcoinflipgame (2 scala sources)
2022.12.13 13:26:22 INFO  time: compiled fpcoinflipgame in 0.22s
2022.12.13 13:26:27 INFO  No mtags for 2.12.2.
2022.12.13 13:26:27 WARN  unsupported Scala 2.12.2
2022.12.13 13:26:27 INFO  No mtags for 2.12.2.
2022.12.13 13:26:27 WARN  unsupported Scala 2.12.2
2022.12.13 13:26:33 INFO  compiling fpcoinflipgame (2 scala sources)
2022.12.13 13:26:33 INFO  time: compiled fpcoinflipgame in 0.21s
2022.12.13 13:27:52 INFO  No mtags for 2.12.2.
2022.12.13 13:27:52 WARN  unsupported Scala 2.12.2
2022.12.13 13:27:52 INFO  No mtags for 2.12.2.
2022.12.13 13:27:52 WARN  unsupported Scala 2.12.2
2022.12.13 13:28:01 INFO  No mtags for 2.12.2.
2022.12.13 13:28:01 WARN  unsupported Scala 2.12.2
2022.12.13 13:28:01 INFO  No mtags for 2.12.2.
2022.12.13 13:28:01 WARN  unsupported Scala 2.12.2
2022.12.13 13:28:03 INFO  No mtags for 2.12.2.
2022.12.13 13:28:03 WARN  unsupported Scala 2.12.2
2022.12.13 13:28:03 INFO  No mtags for 2.12.2.
2022.12.13 13:28:03 WARN  unsupported Scala 2.12.2
2022.12.13 13:28:12 INFO  compiling fpcoinflipgame (2 scala sources)
2022.12.13 13:28:12 INFO  time: compiled fpcoinflipgame in 0.29s
2022.12.13 13:28:14 INFO  No mtags for 2.12.2.
2022.12.13 13:28:14 WARN  unsupported Scala 2.12.2
2022.12.13 13:28:14 INFO  No mtags for 2.12.2.
2022.12.13 13:28:14 WARN  unsupported Scala 2.12.2
2022.12.13 13:28:27 INFO  No mtags for 2.12.2.
2022.12.13 13:28:27 WARN  unsupported Scala 2.12.2
2022.12.13 13:28:35 INFO  No mtags for 2.12.2.
2022.12.13 13:28:35 WARN  unsupported Scala 2.12.2
2022.12.13 13:28:35 INFO  No mtags for 2.12.2.
2022.12.13 13:28:35 WARN  unsupported Scala 2.12.2
2022.12.13 13:28:37 INFO  No mtags for 2.12.2.
2022.12.13 13:28:37 WARN  unsupported Scala 2.12.2
2022.12.13 13:28:39 INFO  compiling fpcoinflipgame (2 scala sources)
2022.12.13 13:28:39 INFO  time: compiled fpcoinflipgame in 78ms
2022.12.13 13:28:43 INFO  compiling fpcoinflipgame (2 scala sources)
2022.12.13 13:28:43 INFO  time: compiled fpcoinflipgame in 60ms
2022.12.13 13:28:46 INFO  compiling fpcoinflipgame (2 scala sources)
2022.12.13 13:28:46 INFO  time: compiled fpcoinflipgame in 79ms
2022.12.13 13:28:56 INFO  compiling fpcoinflipgame (2 scala sources)
2022.12.13 13:28:56 INFO  time: compiled fpcoinflipgame in 44ms
2022.12.13 13:28:58 INFO  No mtags for 2.12.2.
2022.12.13 13:28:58 WARN  unsupported Scala 2.12.2
2022.12.13 13:29:04 INFO  compiling fpcoinflipgame (2 scala sources)
2022.12.13 13:29:04 INFO  time: compiled fpcoinflipgame in 52ms
2022.12.13 13:29:06 INFO  compiling fpcoinflipgame (2 scala sources)
2022.12.13 13:29:06 INFO  time: compiled fpcoinflipgame in 0.28s
2022.12.13 13:29:07 INFO  No mtags for 2.12.2.
2022.12.13 13:29:07 WARN  unsupported Scala 2.12.2
2022.12.13 13:29:28 INFO  No mtags for 2.12.2.
2022.12.13 13:29:28 WARN  unsupported Scala 2.12.2
2022.12.13 13:29:30 INFO  No mtags for 2.12.2.
2022.12.13 13:29:30 WARN  unsupported Scala 2.12.2
2022.12.13 13:29:30 INFO  No mtags for 2.12.2.
2022.12.13 13:29:30 WARN  unsupported Scala 2.12.2
2022.12.13 13:29:30 INFO  No mtags for 2.12.2.
2022.12.13 13:29:30 WARN  unsupported Scala 2.12.2
2022.12.13 13:29:30 INFO  No mtags for 2.12.2.
2022.12.13 13:29:30 WARN  unsupported Scala 2.12.2
2022.12.13 13:29:30 INFO  No mtags for 2.12.2.
2022.12.13 13:29:30 WARN  unsupported Scala 2.12.2
2022.12.13 13:29:30 INFO  No mtags for 2.12.2.
2022.12.13 13:29:30 WARN  unsupported Scala 2.12.2
2022.12.13 13:29:35 INFO  No mtags for 2.12.2.
2022.12.13 13:29:35 WARN  unsupported Scala 2.12.2
2022.12.13 13:29:35 INFO  No mtags for 2.12.2.
2022.12.13 13:29:35 WARN  unsupported Scala 2.12.2
2022.12.13 13:29:35 INFO  No mtags for 2.12.2.
2022.12.13 13:29:35 WARN  unsupported Scala 2.12.2
2022.12.13 13:29:50 INFO  No mtags for 2.12.2.
2022.12.13 13:29:50 WARN  unsupported Scala 2.12.2
2022.12.13 13:29:58 INFO  No mtags for 2.12.2.
2022.12.13 13:29:58 WARN  unsupported Scala 2.12.2
2022.12.13 13:29:58 INFO  No mtags for 2.12.2.
2022.12.13 13:29:58 WARN  unsupported Scala 2.12.2
2022.12.13 13:30:17 INFO  No mtags for 2.12.2.
2022.12.13 13:30:17 WARN  unsupported Scala 2.12.2
2022.12.13 13:30:24 INFO  No mtags for 2.12.2.
2022.12.13 13:30:24 WARN  unsupported Scala 2.12.2
2022.12.13 13:30:24 INFO  No mtags for 2.12.2.
2022.12.13 13:30:24 WARN  unsupported Scala 2.12.2
2022.12.13 13:30:29 ERROR Failed to fetch mtags for 2.12.2
Error downloading org.scalameta:mtags_2.12.2:0.11.9
  not found: /home/simonlewis/.ivy2/local/org.scalameta/mtags_2.12.2/0.11.9/ivys/ivy.xml
  not found: https://repo1.maven.org/maven2/org/scalameta/mtags_2.12.2/0.11.9/mtags_2.12.2-0.11.9.pom
  not found: https://oss.sonatype.org/content/repositories/public/org/scalameta/mtags_2.12.2/0.11.9/mtags_2.12.2-0.11.9.pom
  not found: https://oss.sonatype.org/content/repositories/snapshots/org/scalameta/mtags_2.12.2/0.11.9/mtags_2.12.2-0.11.9.pom
2022.12.13 13:30:29 WARN  unsupported Scala 2.12.2
2022.12.13 13:30:32 INFO  No mtags for 2.12.2.
2022.12.13 13:30:32 WARN  unsupported Scala 2.12.2
2022.12.13 13:30:34 INFO  compiling fpcoinflipgame (2 scala sources)
2022.12.13 13:30:34 INFO  time: compiled fpcoinflipgame in 0.18s
2022.12.13 13:30:44 INFO  No mtags for 2.12.2.
2022.12.13 13:30:44 WARN  unsupported Scala 2.12.2
2022.12.13 13:30:44 INFO  No mtags for 2.12.2.
2022.12.13 13:30:44 WARN  unsupported Scala 2.12.2
2022.12.13 13:30:45 INFO  No mtags for 2.12.2.
2022.12.13 13:30:45 WARN  unsupported Scala 2.12.2
2022.12.13 13:30:45 INFO  No mtags for 2.12.2.
2022.12.13 13:30:45 WARN  unsupported Scala 2.12.2
2022.12.13 13:30:55 INFO  No mtags for 2.12.2.
2022.12.13 13:30:55 WARN  unsupported Scala 2.12.2
2022.12.13 13:30:58 INFO  No mtags for 2.12.2.
2022.12.13 13:30:58 WARN  unsupported Scala 2.12.2
2022.12.13 13:31:09 INFO  No mtags for 2.12.2.
2022.12.13 13:31:09 WARN  unsupported Scala 2.12.2
2022.12.13 13:31:27 INFO  No mtags for 2.12.2.
2022.12.13 13:31:27 WARN  unsupported Scala 2.12.2
2022.12.13 13:31:30 INFO  No mtags for 2.12.2.
2022.12.13 13:31:30 WARN  unsupported Scala 2.12.2
2022.12.13 13:31:32 INFO  No mtags for 2.12.2.
2022.12.13 13:31:32 WARN  unsupported Scala 2.12.2
2022.12.13 13:31:35 INFO  No mtags for 2.12.2.
2022.12.13 13:31:35 WARN  unsupported Scala 2.12.2
2022.12.13 13:31:36 INFO  compiling fpcoinflipgame (2 scala sources)
2022.12.13 13:31:36 INFO  time: compiled fpcoinflipgame in 0.17s
2022.12.13 13:31:38 INFO  No mtags for 2.12.2.
2022.12.13 13:31:38 WARN  unsupported Scala 2.12.2
2022.12.13 13:31:38 INFO  No mtags for 2.12.2.
2022.12.13 13:31:38 WARN  unsupported Scala 2.12.2
2022.12.13 13:31:40 INFO  No mtags for 2.12.2.
2022.12.13 13:31:40 WARN  unsupported Scala 2.12.2
2022.12.13 13:31:47 INFO  compiling fpcoinflipgame (2 scala sources)
2022.12.13 13:31:47 INFO  time: compiled fpcoinflipgame in 0.17s
2022.12.13 13:31:49 INFO  No mtags for 2.12.2.
2022.12.13 13:31:49 WARN  unsupported Scala 2.12.2
2022.12.13 13:31:53 INFO  No mtags for 2.12.2.
2022.12.13 13:31:53 WARN  unsupported Scala 2.12.2
2022.12.13 13:31:55 INFO  No mtags for 2.12.2.
2022.12.13 13:31:55 WARN  unsupported Scala 2.12.2
2022.12.13 13:31:57 INFO  No mtags for 2.12.2.
2022.12.13 13:31:57 WARN  unsupported Scala 2.12.2
2022.12.13 13:32:01 INFO  No mtags for 2.12.2.
2022.12.13 13:32:01 WARN  unsupported Scala 2.12.2
2022.12.13 13:32:05 INFO  compiling fpcoinflipgame (2 scala sources)
2022.12.13 13:32:05 INFO  time: compiled fpcoinflipgame in 0.32s
2022.12.13 13:32:09 INFO  No mtags for 2.12.2.
2022.12.13 13:32:09 WARN  unsupported Scala 2.12.2
2022.12.13 13:32:36 INFO  No mtags for 2.12.2.
2022.12.13 13:32:36 WARN  unsupported Scala 2.12.2
2022.12.13 13:33:02 INFO  No mtags for 2.12.2.
2022.12.13 13:33:02 WARN  unsupported Scala 2.12.2
2022.12.13 13:33:02 INFO  No mtags for 2.12.2.
2022.12.13 13:33:02 WARN  unsupported Scala 2.12.2
2022.12.13 13:33:02 INFO  No mtags for 2.12.2.
2022.12.13 13:33:02 WARN  unsupported Scala 2.12.2
2022.12.13 13:33:03 INFO  No mtags for 2.12.2.
2022.12.13 13:33:03 WARN  unsupported Scala 2.12.2
2022.12.13 13:33:06 INFO  No mtags for 2.12.2.
2022.12.13 13:33:06 WARN  unsupported Scala 2.12.2
2022.12.13 13:33:08 INFO  No mtags for 2.12.2.
2022.12.13 13:33:08 WARN  unsupported Scala 2.12.2
2022.12.13 13:33:08 INFO  No mtags for 2.12.2.
2022.12.13 13:33:08 WARN  unsupported Scala 2.12.2
2022.12.13 13:33:08 INFO  No mtags for 2.12.2.
2022.12.13 13:33:08 WARN  unsupported Scala 2.12.2
2022.12.13 13:33:11 INFO  file:///home/simonlewis/GitHub/FPCoinFlipGame/src/main/scala/com/alvinalexander/coinflip/v1/CoinFlip.scala:30:18: stale bloop error: could not optimize @tailrec annotated method mainLoop: it contains a recursive call not in tail position
            _ <- showPrompt()
                 ^^^^^^^^^^^^
2022.12.13 13:33:11 INFO  file:///home/simonlewis/GitHub/FPCoinFlipGame/src/main/scala/com/alvinalexander/coinflip/v1/CoinFlip.scala:30:18: stale bloop error: could not optimize @tailrec annotated method mainLoop: it contains a recursive call not in tail position
            _ <- showPrompt()
                 ^^^^^^^^^^^^
2022.12.13 13:33:15 INFO  No mtags for 2.12.2.
2022.12.13 13:33:15 WARN  unsupported Scala 2.12.2
2022.12.13 13:33:19 INFO  file:///home/simonlewis/GitHub/FPCoinFlipGame/src/main/scala/com/alvinalexander/coinflip/v1/CoinFlip.scala:30:18: stale bloop error: could not optimize @tailrec annotated method mainLoop: it contains a recursive call not in tail position
            _ <- showPrompt()
                 ^^^^^^^^^^^^
2022.12.13 13:33:19 INFO  file:///home/simonlewis/GitHub/FPCoinFlipGame/src/main/scala/com/alvinalexander/coinflip/v1/CoinFlip.scala:30:18: stale bloop error: could not optimize @tailrec annotated method mainLoop: it contains a recursive call not in tail position
            _ <- showPrompt()
                 ^^^^^^^^^^^^
2022.12.13 13:33:21 INFO  No mtags for 2.12.2.
2022.12.13 13:33:21 WARN  unsupported Scala 2.12.2
2022.12.13 13:33:25 INFO  No mtags for 2.12.2.
2022.12.13 13:33:25 WARN  unsupported Scala 2.12.2
2022.12.13 13:33:26 INFO  compiling fpcoinflipgame (2 scala sources)
2022.12.13 13:33:26 INFO  time: compiled fpcoinflipgame in 0.28s
2022.12.13 13:33:38 INFO  No mtags for 2.12.2.
2022.12.13 13:33:38 WARN  unsupported Scala 2.12.2
2022.12.13 13:33:49 INFO  No mtags for 2.12.2.
2022.12.13 13:33:49 WARN  unsupported Scala 2.12.2
2022.12.13 13:33:49 INFO  No mtags for 2.12.2.
2022.12.13 13:33:49 WARN  unsupported Scala 2.12.2
2022.12.13 13:33:49 INFO  No mtags for 2.12.2.
2022.12.13 13:33:49 WARN  unsupported Scala 2.12.2
2022.12.13 13:33:51 INFO  No mtags for 2.12.2.
2022.12.13 13:33:51 WARN  unsupported Scala 2.12.2
2022.12.13 13:34:00 INFO  compiling fpcoinflipgame (2 scala sources)
2022.12.13 13:34:00 INFO  time: compiled fpcoinflipgame in 0.25s
2022.12.13 13:34:08 INFO  compiling fpcoinflipgame (2 scala sources)
2022.12.13 13:34:08 INFO  time: compiled fpcoinflipgame in 0.26s
2022.12.13 13:34:12 INFO  No mtags for 2.12.2.
2022.12.13 13:34:12 WARN  unsupported Scala 2.12.2
2022.12.13 13:34:34 INFO  compiling fpcoinflipgame (2 scala sources)
2022.12.13 13:34:34 INFO  time: compiled fpcoinflipgame in 0.26s
2022.12.13 13:34:44 INFO  No mtags for 2.12.2.
2022.12.13 13:34:44 WARN  unsupported Scala 2.12.2
2022.12.13 13:34:49 INFO  compiling fpcoinflipgame (2 scala sources)
2022.12.13 13:34:49 INFO  time: compiled fpcoinflipgame in 0.81s
2022.12.13 13:35:08 INFO  No mtags for 2.12.2.
2022.12.13 13:35:08 WARN  unsupported Scala 2.12.2
2022.12.13 13:35:21 INFO  No mtags for 2.12.2.
2022.12.13 13:35:21 WARN  unsupported Scala 2.12.2
2022.12.13 13:35:23 INFO  No mtags for 2.12.2.
2022.12.13 13:35:23 WARN  unsupported Scala 2.12.2
2022.12.13 13:35:23 INFO  compiling fpcoinflipgame (1 scala source)
2022.12.13 13:35:23 INFO  time: compiled fpcoinflipgame in 0.62s
2022.12.13 13:35:46 ERROR Failed to fetch mtags for 2.12.2
Error downloading org.scalameta:mtags_2.12.2:0.11.9
  not found: /home/simonlewis/.ivy2/local/org.scalameta/mtags_2.12.2/0.11.9/ivys/ivy.xml
  not found: https://repo1.maven.org/maven2/org/scalameta/mtags_2.12.2/0.11.9/mtags_2.12.2-0.11.9.pom
  not found: https://oss.sonatype.org/content/repositories/public/org/scalameta/mtags_2.12.2/0.11.9/mtags_2.12.2-0.11.9.pom
  not found: https://oss.sonatype.org/content/repositories/snapshots/org/scalameta/mtags_2.12.2/0.11.9/mtags_2.12.2-0.11.9.pom
2022.12.13 13:35:46 WARN  unsupported Scala 2.12.2
2022.12.13 13:35:46 INFO  No mtags for 2.12.2.
2022.12.13 13:35:46 WARN  unsupported Scala 2.12.2
2022.12.13 13:38:02 INFO  No mtags for 2.12.2.
2022.12.13 13:38:02 WARN  unsupported Scala 2.12.2
2022.12.13 13:38:35 INFO  No mtags for 2.12.2.
2022.12.13 13:38:35 WARN  unsupported Scala 2.12.2
2022.12.13 13:39:44 INFO  No mtags for 2.12.2.
2022.12.13 13:39:44 WARN  unsupported Scala 2.12.2
2022.12.13 13:40:13 INFO  No mtags for 2.12.2.
2022.12.13 13:40:13 WARN  unsupported Scala 2.12.2
2022.12.13 13:40:13 INFO  No mtags for 2.12.2.
2022.12.13 13:40:13 WARN  unsupported Scala 2.12.2
2022.12.13 13:40:13 INFO  No mtags for 2.12.2.
2022.12.13 13:40:13 WARN  unsupported Scala 2.12.2
2022.12.13 13:40:17 INFO  No mtags for 2.12.2.
2022.12.13 13:40:17 WARN  unsupported Scala 2.12.2
2022.12.13 13:40:17 INFO  No mtags for 2.12.2.
2022.12.13 13:40:17 WARN  unsupported Scala 2.12.2
Dec 13, 2022 1:40:18 PM org.eclipse.lsp4j.jsonrpc.RemoteEndpoint handleCancellation
WARNING: Unmatched cancel notification for request id 1326
2022.12.13 13:40:18 INFO  No mtags for 2.12.2.
2022.12.13 13:40:18 WARN  unsupported Scala 2.12.2
2022.12.13 13:40:18 INFO  No mtags for 2.12.2.
2022.12.13 13:40:18 WARN  unsupported Scala 2.12.2
2022.12.13 13:40:18 INFO  No mtags for 2.12.2.
2022.12.13 13:40:18 WARN  unsupported Scala 2.12.2
2022.12.13 13:40:19 INFO  No mtags for 2.12.2.
2022.12.13 13:40:19 WARN  unsupported Scala 2.12.2
2022.12.13 13:40:19 INFO  No mtags for 2.12.2.
2022.12.13 13:40:19 WARN  unsupported Scala 2.12.2
2022.12.13 13:40:35 INFO  compiling fpcoinflipgame (1 scala source)
2022.12.13 13:40:35 INFO  time: compiled fpcoinflipgame in 0.4s
2022.12.13 13:42:04 ERROR Failed to fetch mtags for 2.12.2
Error downloading org.scalameta:mtags_2.12.2:0.11.9
  not found: /home/simonlewis/.ivy2/local/org.scalameta/mtags_2.12.2/0.11.9/ivys/ivy.xml
  not found: https://repo1.maven.org/maven2/org/scalameta/mtags_2.12.2/0.11.9/mtags_2.12.2-0.11.9.pom
  not found: https://oss.sonatype.org/content/repositories/public/org/scalameta/mtags_2.12.2/0.11.9/mtags_2.12.2-0.11.9.pom
  not found: https://oss.sonatype.org/content/repositories/snapshots/org/scalameta/mtags_2.12.2/0.11.9/mtags_2.12.2-0.11.9.pom
2022.12.13 13:42:04 WARN  unsupported Scala 2.12.2
Dec 13, 2022 1:42:04 PM org.eclipse.lsp4j.jsonrpc.RemoteEndpoint handleCancellation
WARNING: Unmatched cancel notification for request id 1364
2022.12.13 13:42:04 INFO  No mtags for 2.12.2.
2022.12.13 13:42:04 WARN  unsupported Scala 2.12.2
Dec 13, 2022 1:42:05 PM org.eclipse.lsp4j.jsonrpc.services.GenericEndpoint notify
INFO: Unsupported notification method: $/setTrace
2022.12.13 13:43:34 INFO  No mtags for 2.12.2.
2022.12.13 13:43:34 WARN  unsupported Scala 2.12.2
2022.12.13 15:41:55 ERROR Failed to fetch mtags for 2.12.2
Error downloading org.scalameta:mtags_2.12.2:0.11.9
  not found: /home/simonlewis/.ivy2/local/org.scalameta/mtags_2.12.2/0.11.9/ivys/ivy.xml
  not found: https://repo1.maven.org/maven2/org/scalameta/mtags_2.12.2/0.11.9/mtags_2.12.2-0.11.9.pom
  not found: https://oss.sonatype.org/content/repositories/public/org/scalameta/mtags_2.12.2/0.11.9/mtags_2.12.2-0.11.9.pom
  not found: https://oss.sonatype.org/content/repositories/snapshots/org/scalameta/mtags_2.12.2/0.11.9/mtags_2.12.2-0.11.9.pom
2022.12.13 15:41:55 WARN  unsupported Scala 2.12.2
2022.12.13 15:42:16 INFO  compiling fpcoinflipgame (1 scala source)
2022.12.13 15:42:16 INFO  time: compiled fpcoinflipgame in 0.74s
2022.12.13 15:43:18 INFO  No mtags for 2.12.2.
2022.12.13 15:43:18 WARN  unsupported Scala 2.12.2
2022.12.13 15:43:18 INFO  No mtags for 2.12.2.
2022.12.13 15:43:18 WARN  unsupported Scala 2.12.2
2022.12.13 15:43:22 INFO  No mtags for 2.12.2.
2022.12.13 15:43:22 WARN  unsupported Scala 2.12.2
2022.12.13 15:43:22 INFO  No mtags for 2.12.2.
2022.12.13 15:43:22 WARN  unsupported Scala 2.12.2
2022.12.13 15:46:07 INFO  shutting down Metals
2022.12.13 15:46:07 INFO  Shut down connection with build server.
2022.12.13 15:46:07 INFO  Shut down connection with build server.
2022.12.14 03:05:45 INFO  tracing is disabled for protocol LSP, to enable tracing of incoming and outgoing JSON messages create an empty file at /home/simonlewis/GitHub/FPCoinFlipGame/.metals/lsp.trace.json or /home/simonlewis/.cache/metals/lsp.trace.json
2022.12.14 03:05:45 INFO  logging to file /home/simonlewis/GitHub/FPCoinFlipGame/.metals/metals.log
2022.12.14 03:05:45 INFO  Started: Metals version 0.11.9 in workspace '/home/simonlewis/GitHub/FPCoinFlipGame' for client Visual Studio Code 1.74.0.
2022.12.14 03:05:46 INFO  time: initialize in 0.92s
2022.12.14 03:05:47 INFO  Attempting to connect to the build server...
2022.12.14 03:05:47 INFO  Bloop uses /usr/lib/jvm/java-11-openjdk-amd64 defined at /home/simonlewis/.bloop/bloop.json
2022.12.14 03:05:47 INFO  skipping build import with status 'Installed'
2022.12.14 03:05:50 INFO  no build target found for /home/simonlewis/GitHub/FPCoinFlipGame/src/main/scala/com/alvinalexander/coinflip/v1/CoinFlip.scala. Using presentation compiler with project's scala-library version: 3.2.0
2022.12.14 03:05:52 INFO  time: code lens generation in 4.16s
2022.12.14 03:05:52 INFO  time: code lens generation in 4.16s
2022.12.14 03:05:52 INFO  time: code lens generation in 4.16s
2022.12.14 03:05:53 INFO  tracing is disabled for protocol BSP, to enable tracing of incoming and outgoing JSON messages create an empty file at /home/simonlewis/GitHub/FPCoinFlipGame/.metals/bsp.trace.json or /home/simonlewis/.cache/metals/bsp.trace.json
2022.12.14 03:05:53 INFO  Attempting to connect to the build server...
2022.12.14 03:05:53 INFO  Bloop uses /usr/lib/jvm/java-11-openjdk-amd64 defined at /home/simonlewis/.bloop/bloop.json
2022.12.14 03:05:53 INFO  tracing is disabled for protocol BSP, to enable tracing of incoming and outgoing JSON messages create an empty file at /home/simonlewis/GitHub/FPCoinFlipGame/project/.metals/bsp.trace.json or /home/simonlewis/.cache/metals/bsp.trace.json
2022.12.14 03:05:53 INFO  time: Connected to build server in 6.68s
2022.12.14 03:05:53 INFO  Connected to Build server: Bloop v1.5.4
2022.12.14 03:05:59 ERROR Failed to fetch mtags for 2.12.2
Error downloading org.scalameta:mtags_2.12.2:0.11.9
  not found: /home/simonlewis/.ivy2/local/org.scalameta/mtags_2.12.2/0.11.9/ivys/ivy.xml
  not found: https://repo1.maven.org/maven2/org/scalameta/mtags_2.12.2/0.11.9/mtags_2.12.2-0.11.9.pom
  not found: https://oss.sonatype.org/content/repositories/public/org/scalameta/mtags_2.12.2/0.11.9/mtags_2.12.2-0.11.9.pom
  not found: https://oss.sonatype.org/content/repositories/snapshots/org/scalameta/mtags_2.12.2/0.11.9/mtags_2.12.2-0.11.9.pom
2022.12.14 03:06:02 ERROR Failed to fetch mtags for 2.12.2
Error downloading org.scalameta:mtags_2.12.2:0.11.9
  not found: /home/simonlewis/.ivy2/local/org.scalameta/mtags_2.12.2/0.11.9/ivys/ivy.xml
  not found: https://repo1.maven.org/maven2/org/scalameta/mtags_2.12.2/0.11.9/mtags_2.12.2-0.11.9.pom
  not found: https://oss.sonatype.org/content/repositories/public/org/scalameta/mtags_2.12.2/0.11.9/mtags_2.12.2-0.11.9.pom
  not found: https://oss.sonatype.org/content/repositories/snapshots/org/scalameta/mtags_2.12.2/0.11.9/mtags_2.12.2-0.11.9.pom
2022.12.14 03:06:05 ERROR Failed to fetch mtags for 2.12.2
Error downloading org.scalameta:mtags_2.12.2:0.11.9
  not found: /home/simonlewis/.ivy2/local/org.scalameta/mtags_2.12.2/0.11.9/ivys/ivy.xml
  not found: https://repo1.maven.org/maven2/org/scalameta/mtags_2.12.2/0.11.9/mtags_2.12.2-0.11.9.pom
  not found: https://oss.sonatype.org/content/repositories/public/org/scalameta/mtags_2.12.2/0.11.9/mtags_2.12.2-0.11.9.pom
  not found: https://oss.sonatype.org/content/repositories/snapshots/org/scalameta/mtags_2.12.2/0.11.9/mtags_2.12.2-0.11.9.pom
2022.12.14 03:06:05 INFO  No mtags for 2.12.2.
2022.12.14 03:06:07 WARN  Could not find java sources in /usr/lib/jvm/src.zip, /usr/lib/jvm/lib/src.zip, /usr/lib/jvm/java-11-openjdk-amd64/src.zip, /usr/lib/jvm/java-11-openjdk-amd64/lib/src.zip. Java symbols will not be available.
2022.12.14 03:06:08 WARN  Could not find java sources in /usr/lib/jvm/src.zip, /usr/lib/jvm/lib/src.zip, /usr/lib/jvm/java-11-openjdk-amd64/src.zip, /usr/lib/jvm/java-11-openjdk-amd64/lib/src.zip. Java symbols will not be available.
2022.12.14 03:06:08 WARN  Could not find java sources in /usr/lib/jvm/src.zip, /usr/lib/jvm/lib/src.zip, /usr/lib/jvm/java-11-openjdk-amd64/src.zip, /usr/lib/jvm/java-11-openjdk-amd64/lib/src.zip. Java symbols will not be available.
2022.12.14 03:06:08 INFO  time: indexed workspace in 14s
2022.12.14 03:06:08 INFO  No mtags for 2.12.2.
2022.12.14 03:06:08 WARN  unsupported Scala 2.12.2
2022.12.14 03:06:10 INFO  No mtags for 2.12.2.
2022.12.14 03:06:10 WARN  unsupported Scala 2.12.2
2022.12.14 03:06:15 INFO  No mtags for 2.12.2.
2022.12.14 03:06:15 INFO  No mtags for 2.12.2.
2022.12.14 03:06:15 INFO  No mtags for 2.12.2.
2022.12.14 03:06:15 INFO  No mtags for 2.12.2.
2022.12.14 03:06:15 INFO  No mtags for 2.12.2.
2022.12.14 03:06:15 INFO  No mtags for 2.12.2.
2022.12.14 03:06:26 INFO  No mtags for 2.12.2.
2022.12.14 03:06:26 INFO  No mtags for 2.12.2.
2022.12.14 03:06:26 INFO  No mtags for 2.12.2.
2022.12.14 03:06:26 INFO  No mtags for 2.12.2.
2022.12.14 03:06:26 INFO  No mtags for 2.12.2.
2022.12.14 03:06:26 INFO  No mtags for 2.12.2.
2022.12.14 03:06:54 INFO  No mtags for 2.12.2.
2022.12.14 03:06:54 INFO  No mtags for 2.12.2.
2022.12.14 03:06:54 INFO  No mtags for 2.12.2.
2022.12.14 03:06:54 INFO  No mtags for 2.12.2.
2022.12.14 03:06:54 INFO  No mtags for 2.12.2.
2022.12.14 03:06:54 INFO  No mtags for 2.12.2.
2022.12.14 03:06:57 INFO  running '/usr/lib/jvm/java-11-openjdk-amd64/bin/java -Djline.terminal=jline.UnsupportedTerminal -Dsbt.log.noformat=true -Dfile.encoding=UTF-8 -jar /tmp/metals15854737956574568731/sbt-launch.jar -Dbloop.export-jar-classifiers=sources bloopInstall'
2022.12.14 03:06:59 INFO  [info] welcome to sbt 1.7.1 (Ubuntu Java 11.0.17)
2022.12.14 03:06:59 INFO  [info] loading global plugins from /home/simonlewis/.sbt/1.0/plugins
2022.12.14 03:07:00 INFO  [info] loading settings for project fpcoinflipgame-build-build from metals.sbt ...
2022.12.14 03:07:00 INFO  [info] loading project definition from /home/simonlewis/GitHub/FPCoinFlipGame/project/project
2022.12.14 03:07:00 INFO  [info] loading settings for project fpcoinflipgame-build from metals.sbt ...
2022.12.14 03:07:00 INFO  [info] loading project definition from /home/simonlewis/GitHub/FPCoinFlipGame/project
2022.12.14 03:07:02 INFO  [success] Generated .bloop/fpcoinflipgame-build.json
2022.12.14 03:07:02 INFO  [success] Total time: 1 s, completed 14 Dec 2022, 03:07:02
2022.12.14 03:07:03 INFO  [info] loading settings for project fpcoinflipgame from build.sbt ...
2022.12.14 03:07:03 INFO  [info] set current project to FPCoinFlip (in build file:/home/simonlewis/GitHub/FPCoinFlipGame/)
2022.12.14 03:07:07 INFO  [success] Generated .bloop/fpcoinflipgame.json
2022.12.14 03:07:07 INFO  [success] Generated .bloop/fpcoinflipgame-test.json
2022.12.14 03:07:07 INFO  [success] Total time: 4 s, completed 14 Dec 2022, 03:07:07
2022.12.14 03:07:07 INFO  time: ran 'sbt bloopInstall' in 10s
2022.12.14 03:07:07 INFO  Disconnecting from Bloop session...
2022.12.14 03:07:07 INFO  Shut down connection with build server.
2022.12.14 03:07:07 INFO  Shut down connection with build server.
2022.12.14 03:07:07 INFO  Attempting to connect to the build server...
2022.12.14 03:07:07 INFO  Bloop uses /usr/lib/jvm/java-11-openjdk-amd64 defined at /home/simonlewis/.bloop/bloop.json
2022.12.14 03:07:08 INFO  tracing is disabled for protocol BSP, to enable tracing of incoming and outgoing JSON messages create an empty file at /home/simonlewis/GitHub/FPCoinFlipGame/.metals/bsp.trace.json or /home/simonlewis/.cache/metals/bsp.trace.json
2022.12.14 03:07:08 INFO  Attempting to connect to the build server...
2022.12.14 03:07:08 INFO  Bloop uses /usr/lib/jvm/java-11-openjdk-amd64 defined at /home/simonlewis/.bloop/bloop.json
2022.12.14 03:07:08 INFO  tracing is disabled for protocol BSP, to enable tracing of incoming and outgoing JSON messages create an empty file at /home/simonlewis/GitHub/FPCoinFlipGame/project/.metals/bsp.trace.json or /home/simonlewis/.cache/metals/bsp.trace.json
2022.12.14 03:07:08 INFO  time: Connected to build server in 0.14s
2022.12.14 03:07:08 INFO  Connected to Build server: Bloop v1.5.4
2022.12.14 03:07:09 WARN  Could not find java sources in /usr/lib/jvm/src.zip, /usr/lib/jvm/lib/src.zip, /usr/lib/jvm/java-11-openjdk-amd64/src.zip, /usr/lib/jvm/java-11-openjdk-amd64/lib/src.zip. Java symbols will not be available.
2022.12.14 03:07:09 WARN  Could not find java sources in /usr/lib/jvm/src.zip, /usr/lib/jvm/lib/src.zip, /usr/lib/jvm/java-11-openjdk-amd64/src.zip, /usr/lib/jvm/java-11-openjdk-amd64/lib/src.zip. Java symbols will not be available.
2022.12.14 03:07:09 WARN  Could not find java sources in /usr/lib/jvm/src.zip, /usr/lib/jvm/lib/src.zip, /usr/lib/jvm/java-11-openjdk-amd64/src.zip, /usr/lib/jvm/java-11-openjdk-amd64/lib/src.zip. Java symbols will not be available.
2022.12.14 03:07:09 INFO  time: indexed workspace in 1.42s
2022.12.14 03:07:09 INFO  compiling fpcoinflipgame (2 scala sources)
2022.12.14 03:07:11 INFO  time: code lens generation in 1.2s
2022.12.14 03:07:13 INFO  time: compiled fpcoinflipgame in 3.42s
2022.12.14 03:07:52 INFO  compiling fpcoinflipgame (1 scala source)
2022.12.14 03:07:52 INFO  time: compiled fpcoinflipgame in 0.42s
Dec 14, 2022 3:09:02 AM org.eclipse.lsp4j.jsonrpc.RemoteEndpoint handleCancellation
WARNING: Unmatched cancel notification for request id 119
2022.12.14 03:09:52 INFO  compiling fpcoinflipgame (1 scala source)
2022.12.14 03:09:52 INFO  time: compiled fpcoinflipgame in 0.36s
2022.12.14 03:10:03 INFO  compiling fpcoinflipgame (1 scala source)
2022.12.14 03:10:03 INFO  time: compiled fpcoinflipgame in 0.33s
2022.12.14 03:10:32 INFO  compiling fpcoinflipgame (1 scala source)
2022.12.14 03:10:32 INFO  time: compiled fpcoinflipgame in 0.13s
2022.12.14 03:11:18 INFO  compiling fpcoinflipgame (1 scala source)
2022.12.14 03:11:18 INFO  time: compiled fpcoinflipgame in 0.29s
Dec 14, 2022 3:11:56 AM org.eclipse.lsp4j.jsonrpc.RemoteEndpoint handleCancellation
WARNING: Unmatched cancel notification for request id 296
2022.12.14 03:15:14 INFO  compiling fpcoinflipgame (1 scala source)
2022.12.14 03:15:16 INFO  time: compiled fpcoinflipgame in 1.36s
2022.12.14 03:17:12 INFO  compiling fpcoinflipgame (1 scala source)
2022.12.14 03:17:13 INFO  time: compiled fpcoinflipgame in 1.09s
2022.12.14 03:18:21 INFO  compiling fpcoinflipgame (1 scala source)
2022.12.14 03:18:21 INFO  time: compiled fpcoinflipgame in 0.98s
2022.12.14 03:18:42 INFO  compiling fpcoinflipgame (1 scala source)
2022.12.14 03:18:42 INFO  time: compiled fpcoinflipgame in 65ms
2022.12.14 03:19:10 INFO  compiling fpcoinflipgame (1 scala source)
2022.12.14 03:19:10 INFO  time: compiled fpcoinflipgame in 62ms
2022.12.14 03:21:41 INFO  compiling fpcoinflipgame (1 scala source)
2022.12.14 03:21:41 INFO  time: compiled fpcoinflipgame in 0.83s
2022.12.14 03:21:53 INFO  compiling fpcoinflipgame (1 scala source)
2022.12.14 03:21:53 INFO  time: compiled fpcoinflipgame in 0.22s
2022.12.14 03:22:39 INFO  compiling fpcoinflipgame (1 scala source)
2022.12.14 03:22:39 INFO  time: compiled fpcoinflipgame in 0.2s
2022.12.14 03:22:54 INFO  compiling fpcoinflipgame (1 scala source)
2022.12.14 03:22:54 INFO  time: compiled fpcoinflipgame in 0.19s
2022.12.14 05:45:51 INFO  compiling fpcoinflipgame (1 scala source)
2022.12.14 05:45:51 INFO  time: compiled fpcoinflipgame in 0.18s
2022.12.14 05:46:48 INFO  compiling fpcoinflipgame (1 scala source)
2022.12.14 05:46:48 INFO  time: compiled fpcoinflipgame in 0.14s
2022.12.14 05:50:21 INFO  compiling fpcoinflipgame (1 scala source)
2022.12.14 05:50:21 INFO  time: compiled fpcoinflipgame in 63ms
2022.12.14 05:50:32 INFO  compiling fpcoinflipgame (1 scala source)
2022.12.14 05:50:32 INFO  time: compiled fpcoinflipgame in 68ms
2022.12.14 05:50:38 INFO  compiling fpcoinflipgame (1 scala source)
2022.12.14 05:50:38 INFO  time: compiled fpcoinflipgame in 71ms
2022.12.14 05:50:54 INFO  compiling fpcoinflipgame (1 scala source)
2022.12.14 05:50:56 INFO  time: compiled fpcoinflipgame in 1.15s
2022.12.14 05:51:06 INFO  compiling fpcoinflipgame (1 scala source)
2022.12.14 05:51:07 INFO  time: compiled fpcoinflipgame in 1.1s
2022.12.14 05:51:26 INFO  compiling fpcoinflipgame (2 scala sources)
2022.12.14 05:51:26 INFO  time: compiled fpcoinflipgame in 67ms
2022.12.14 05:51:36 INFO  compiling fpcoinflipgame (2 scala sources)
2022.12.14 05:51:36 INFO  time: compiled fpcoinflipgame in 59ms
2022.12.14 05:51:59 INFO  compiling fpcoinflipgame (2 scala sources)
2022.12.14 05:51:59 INFO  time: compiled fpcoinflipgame in 0.2s
2022.12.14 05:52:21 INFO  tracing is disabled for protocol dap-server, to enable tracing of incoming and outgoing JSON messages create an empty file at /home/simonlewis/GitHub/FPCoinFlipGame/.metals/dap-server.trace.json or /home/simonlewis/.cache/metals/dap-server.trace.json
2022.12.14 05:52:21 INFO  tracing is disabled for protocol dap-client, to enable tracing of incoming and outgoing JSON messages create an empty file at /home/simonlewis/GitHub/FPCoinFlipGame/.metals/dap-client.trace.json or /home/simonlewis/.cache/metals/dap-client.trace.json
2022.12.14 05:52:21 INFO  Starting debug proxy for [com.alvinalexander.coinflip.v1.CoinFlip]
2022.12.14 05:52:21 INFO  Trying to attach to remote debuggee VM localhost:45453 .
2022.12.14 05:52:21 INFO  Attaching to debuggee VM succeeded.
Dec 14, 2022 5:52:44 AM org.eclipse.lsp4j.jsonrpc.RemoteEndpoint handleCancellation
WARNING: Unmatched cancel notification for request id 1330
2022.12.14 05:53:21 INFO  Canceling debug proxy for [com.alvinalexander.coinflip.v1.CoinFlip]
2022.12.14 05:53:21 INFO  Closing debug server tcp://0.0.0.0:36149
2022.12.14 06:30:33 INFO  shutting down Metals
2022.12.14 06:30:33 INFO  Shut down connection with build server.
2022.12.14 06:30:33 INFO  Shut down connection with build server.
2022.12.14 06:30:37 INFO  tracing is disabled for protocol LSP, to enable tracing of incoming and outgoing JSON messages create an empty file at /home/simonlewis/GitHub/FPCoinFlipGame/.metals/lsp.trace.json or /home/simonlewis/.cache/metals/lsp.trace.json
2022.12.14 06:30:38 INFO  logging to file /home/simonlewis/GitHub/FPCoinFlipGame/.metals/metals.log
2022.12.14 06:30:38 INFO  Started: Metals version 0.11.9 in workspace '/home/simonlewis/GitHub/FPCoinFlipGame' for client Visual Studio Code 1.74.0.
2022.12.14 06:30:39 INFO  time: initialize in 0.96s
2022.12.14 06:30:40 INFO  Attempting to connect to the build server...
2022.12.14 06:30:40 INFO  Bloop uses /usr/lib/jvm/java-11-openjdk-amd64 defined at /home/simonlewis/.bloop/bloop.json
2022.12.14 06:30:40 INFO  skipping build import with status 'Installed'
2022.12.14 06:30:40 INFO  tracing is disabled for protocol BSP, to enable tracing of incoming and outgoing JSON messages create an empty file at /home/simonlewis/GitHub/FPCoinFlipGame/.metals/bsp.trace.json or /home/simonlewis/.cache/metals/bsp.trace.json
2022.12.14 06:30:40 INFO  Attempting to connect to the build server...
2022.12.14 06:30:40 INFO  Bloop uses /usr/lib/jvm/java-11-openjdk-amd64 defined at /home/simonlewis/.bloop/bloop.json
2022.12.14 06:30:40 INFO  tracing is disabled for protocol BSP, to enable tracing of incoming and outgoing JSON messages create an empty file at /home/simonlewis/GitHub/FPCoinFlipGame/project/.metals/bsp.trace.json or /home/simonlewis/.cache/metals/bsp.trace.json
2022.12.14 06:30:40 INFO  time: Connected to build server in 0.33s
2022.12.14 06:30:40 INFO  Connected to Build server: Bloop v1.5.4
2022.12.14 06:30:42 INFO  no build target found for /home/simonlewis/GitHub/FPCoinFlipGame/src/main/scala/com/alvinalexander/coinflip/v1/CoinFlip.scala. Using presentation compiler with project's scala-library version: 3.2.0
2022.12.14 06:30:43 INFO  time: code lens generation in 2.75s
2022.12.14 06:30:43 INFO  time: code lens generation in 2.73s
2022.12.14 06:30:44 WARN  Could not find java sources in /usr/lib/jvm/src.zip, /usr/lib/jvm/lib/src.zip, /usr/lib/jvm/java-11-openjdk-amd64/src.zip, /usr/lib/jvm/java-11-openjdk-amd64/lib/src.zip. Java symbols will not be available.
2022.12.14 06:30:44 WARN  Could not find java sources in /usr/lib/jvm/src.zip, /usr/lib/jvm/lib/src.zip, /usr/lib/jvm/java-11-openjdk-amd64/src.zip, /usr/lib/jvm/java-11-openjdk-amd64/lib/src.zip. Java symbols will not be available.
2022.12.14 06:30:44 WARN  Could not find java sources in /usr/lib/jvm/src.zip, /usr/lib/jvm/lib/src.zip, /usr/lib/jvm/java-11-openjdk-amd64/src.zip, /usr/lib/jvm/java-11-openjdk-amd64/lib/src.zip. Java symbols will not be available.
2022.12.14 06:30:44 INFO  time: indexed workspace in 4.09s
Dec 14, 2022 6:30:59 AM org.eclipse.lsp4j.jsonrpc.services.GenericEndpoint notify
INFO: Unsupported notification method: $/setTrace
